[0000331675ms +000000ms] #00001 ESC_TELEM seq=0 V=25.50V
[0000331678ms +000003ms] #00002 FC_QUERY timestamp=763237713 V=0.00V
[0000331687ms +000012ms] #00003 ESC_TELEM seq=1 V=47.94V
[0000331690ms +000015ms] #00004 FC_QUERY timestamp=464209 V=0.00V
[0000331697ms +000022ms] #00005 ESC_TELEM seq=1 V=47.94V
[0000331707ms +000032ms] #00006 ESC_TELEM seq=2 V=47.94V
[0000331717ms +000042ms] #00007 ESC_TELEM seq=2 V=47.94V
[0000331727ms +000052ms] #00008 ESC_TELEM seq=3 V=47.94V
[0000331737ms +000062ms] #00009 ESC_TELEM seq=3 V=47.94V
[0000331747ms +000072ms] #00010 ESC_TELEM seq=4 V=47.94V
[0000331757ms +000082ms] #00011 ESC_TELEM seq=4 V=47.94V
[0000331767ms +000092ms] #00012 ESC_TELEM seq=5 V=47.94V
[0000331777ms +000102ms] #00013 ESC_TELEM seq=5 V=47.94V
[0000331787ms +000112ms] #00014 ESC_TELEM seq=6 V=47.94V
[0000331797ms +000122ms] #00015 ESC_TELEM seq=6 V=47.94V
[0000331807ms +000132ms] #00016 ESC_TELEM seq=7 V=47.94V
[0000331817ms +000142ms] #00017 ESC_TELEM seq=7 V=47.94V
[0000331827ms +000152ms] #00018 ESC_TELEM seq=0 V=47.94V
[0000331830ms +000155ms] #00019 FC_QUERY timestamp=464209 V=0.00V
[0000331837ms +000162ms] #00020 CMD_0x0303
[0000331839ms +000164ms] #00021 CMD_0x0C03
[0000331852ms +000177ms] #00022 CMD_0x0303
[0000331867ms +000192ms] #00023 CMD_0x0303
[0000331882ms +000207ms] #00024 CMD_0x0303
[0000331897ms +000222ms] #00025 CMD_0x0303
[0000331912ms +000237ms] #00026 CMD_0x0303
[0000331927ms +000252ms] #00027 CMD_0x0303
[0000331942ms +000267ms] #00028 CMD_0x0303
[0000331957ms +000282ms] #00029 ESC_TELEM seq=1 V=47.94V
[0000331967ms +000292ms] #00030 ESC_TELEM seq=2 V=47.94V
[0000331977ms +000302ms] #00031 ESC_TELEM seq=3 V=47.94V
[0000331987ms +000312ms] #00032 ESC_TELEM seq=4 V=47.94V
[0000331997ms +000322ms] #00033 ESC_TELEM seq=5 V=47.94V
[0000332007ms +000332ms] #00034 ESC_TELEM seq=6 V=47.94V
[0000332017ms +000342ms] #00035 ESC_TELEM seq=7 V=47.94V
[0000332027ms +000352ms] #00036 ESC_TELEM seq=0 V=47.94V
[0000332030ms +000355ms] #00037 FC_QUERY timestamp=464210 V=0.00V
[0000332037ms +000362ms] #00038 ESC_TELEM seq=1 V=47.94V
[0000332047ms +000372ms] #00039 ESC_TELEM seq=2 V=47.94V
[0000332057ms +000382ms] #00040 ESC_TELEM seq=3 V=47.94V
[0000332067ms +000392ms] #00041 ESC_TELEM seq=4 V=47.94V
[0000332077ms +000402ms] #00042 ESC_TELEM seq=5 V=47.94V
[0000332087ms +000412ms] #00043 ESC_TELEM seq=6 V=47.94V
[0000332097ms +000422ms] #00044 ESC_TELEM seq=7 V=47.94V
[0000332107ms +000432ms] #00045 ESC_TELEM seq=0 V=47.94V
[0000332110ms +000435ms] #00046 FC_QUERY timestamp=464210 V=0.00V
[0000332117ms +000442ms] #00047 ESC_TELEM seq=1 V=47.94V
[0000332127ms +000452ms] #00048 ESC_TELEM seq=2 V=47.94V
[0000332137ms +000462ms] #00049 ESC_TELEM seq=3 V=47.94V
[0000332147ms +000472ms] #00050 ESC_TELEM seq=4 V=47.94V
[0000332157ms +000482ms] #00051 ESC_TELEM seq=5 V=47.94V
[0000332167ms +000492ms] #00052 ESC_TELEM seq=6 V=47.94V
[0000332178ms +000503ms] #00053 ESC_TELEM seq=7 V=47.94V
[0000332187ms +000512ms] #00054 ESC_TELEM seq=0 V=47.94V
[0000332190ms +000515ms] #00055 FC_QUERY timestamp=464210 V=0.00V
[0000332198ms +000523ms] #00056 ESC_TELEM seq=1 V=47.94V
[0000332207ms +000532ms] #00057 ESC_TELEM seq=2 V=47.94V
[0000332218ms +000543ms] #00058 ESC_TELEM seq=3 V=47.94V
[0000332228ms +000553ms] #00059 ESC_TELEM seq=4 V=47.94V
[0000332238ms +000563ms] #00060 ESC_TELEM seq=5 V=47.94V
[0000332248ms +000573ms] #00061 ESC_TELEM seq=6 V=47.94V
[0000332258ms +000583ms] #00062 ESC_TELEM seq=7 V=47.94V
[0000332268ms +000593ms] #00063 ESC_TELEM seq=0 V=47.94V
[0000332270ms +000595ms] #00064 FC_QUERY timestamp=464209 V=0.00V
[0000332278ms +000603ms] #00065 ESC_TELEM seq=1 V=47.94V
[0000332288ms +000613ms] #00066 ESC_TELEM seq=2 V=47.94V
[0000332298ms +000623ms] #00067 ESC_TELEM seq=3 V=47.94V
[0000332308ms +000633ms] #00068 ESC_TELEM seq=4 V=47.94V
[0000332318ms +000643ms] #00069 ESC_TELEM seq=5 V=47.94V
[0000332328ms +000653ms] #00070 ESC_TELEM seq=6 V=47.94V
[0000332338ms +000663ms] #00071 ESC_TELEM seq=7 V=47.94V
[0000332348ms +000673ms] #00072 ESC_TELEM seq=0 V=47.94V
[0000332350ms +000675ms] #00073 FC_QUERY timestamp=464210 V=0.00V
[0000332358ms +000683ms] #00074 ESC_TELEM seq=1 V=47.94V
[0000332368ms +000693ms] #00075 ESC_TELEM seq=2 V=47.94V
[0000332378ms +000703ms] #00076 ESC_TELEM seq=3 V=47.94V
[0000332388ms +000713ms] #00077 ESC_TELEM seq=4 V=47.94V
[0000332398ms +000723ms] #00078 ESC_TELEM seq=5 V=47.94V
[0000332408ms +000733ms] #00079 ESC_TELEM seq=6 V=47.94V
[0000332418ms +000743ms] #00080 ESC_TELEM seq=7 V=47.94V
[0000332428ms +000753ms] #00081 ESC_TELEM seq=0 V=47.94V
[0000332430ms +000755ms] #00082 FC_QUERY timestamp=464209 V=0.00V
[0000332438ms +000763ms] #00083 ESC_TELEM seq=1 V=47.94V
[0000332448ms +000773ms] #00084 ESC_TELEM seq=2 V=47.94V
[0000332458ms +000783ms] #00085 ESC_TELEM seq=3 V=47.94V
[0000332468ms +000793ms] #00086 ESC_TELEM seq=4 V=47.94V
[0000332478ms +000803ms] #00087 ESC_TELEM seq=5 V=47.94V
[0000332488ms +000813ms] #00088 ESC_TELEM seq=6 V=47.94V
[0000332498ms +000823ms] #00089 ESC_TELEM seq=7 V=47.94V
[0000332508ms +000833ms] #00090 ESC_TELEM seq=0 V=47.94V
[0000332510ms +000835ms] #00091 FC_QUERY timestamp=464209 V=0.00V
[0000332518ms +000843ms] #00092 ESC_TELEM seq=1 V=47.94V
[0000332528ms +000853ms] #00093 ESC_TELEM seq=2 V=47.94V
[0000332538ms +000863ms] #00094 ESC_TELEM seq=3 V=47.94V
[0000332548ms +000873ms] #00095 ESC_TELEM seq=4 V=47.94V
[0000332558ms +000883ms] #00096 ESC_TELEM seq=5 V=47.94V
[0000332568ms +000893ms] #00097 ESC_TELEM seq=6 V=47.94V
[0000332578ms +000903ms] #00098 ESC_TELEM seq=7 V=47.94V
[0000332588ms +000913ms] #00099 ESC_TELEM seq=0 V=47.94V
[0000332590ms +000915ms] #00100 FC_QUERY timestamp=464210 V=0.00V
[0000332598ms +000923ms] #00101 ESC_TELEM seq=1 V=47.94V
[0000332608ms +000933ms] #00102 ESC_TELEM seq=2 V=47.94V
[0000332618ms +000943ms] #00103 ESC_TELEM seq=3 V=47.94V
[0000332628ms +000953ms] #00104 ESC_TELEM seq=4 V=47.94V
[0000332638ms +000963ms] #00105 ESC_TELEM seq=5 V=47.94V
[0000332648ms +000973ms] #00106 ESC_TELEM seq=6 V=47.94V
[0000332658ms +000983ms] #00107 ESC_TELEM seq=7 V=47.94V
[0000332668ms +000993ms] #00108 ESC_TELEM seq=0 V=47.94V
[0000332670ms +000995ms] #00109 FC_QUERY timestamp=464209 V=0.00V
[0000332678ms +001003ms] #00110 ESC_TELEM seq=1 V=47.94V
[0000332688ms +001013ms] #00111 ESC_TELEM seq=2 V=47.94V
[0000332698ms +001023ms] #00112 CMD_0x0333
[0000332699ms +001024ms] #00113 CMD_0x0C36
[0000332713ms +001038ms] #00114 CMD_0x0333
[0000332728ms +001053ms] #00115 CMD_0x0333
[0000332743ms +001068ms] #00116 CMD_0x0333
[0000332758ms +001083ms] #00117 CMD_0x0333
[0000332773ms +001098ms] #00118 CMD_0x0333
[0000332788ms +001113ms] #00119 CMD_0x0333
[0000332803ms +001128ms] #00120 CMD_0x0333
[0000332818ms +001143ms] #00121 ESC_TELEM seq=3 V=47.94V
[0000332828ms +001153ms] #00122 ESC_TELEM seq=4 V=47.94V
[0000332838ms +001163ms] #00123 ESC_TELEM seq=5 V=47.94V
[0000332848ms +001173ms] #00124 ESC_TELEM seq=6 V=47.94V
[0000332858ms +001183ms] #00125 ESC_TELEM seq=7 V=47.94V
[0000332868ms +001193ms] #00126 ESC_TELEM seq=0 V=47.94V
[0000332871ms +001196ms] #00127 FC_QUERY timestamp=464210 V=0.00V
[0000332878ms +001203ms] #00128 ESC_TELEM seq=1 V=47.94V
[0000332888ms +001213ms] #00129 ESC_TELEM seq=2 V=47.94V
[0000332898ms +001223ms] #00130 ESC_TELEM seq=3 V=47.94V
[0000332908ms +001233ms] #00131 ESC_TELEM seq=4 V=47.94V
[0000332918ms +001243ms] #00132 ESC_TELEM seq=5 V=47.94V
[0000332928ms +001253ms] #00133 ESC_TELEM seq=6 V=47.94V
[0000332938ms +001263ms] #00134 ESC_TELEM seq=7 V=47.94V
[0000332948ms +001273ms] #00135 ESC_TELEM seq=0 V=47.94V
[0000332951ms +001276ms] #00136 FC_QUERY timestamp=464211 V=0.00V
[0000332958ms +001283ms] #00137 ESC_TELEM seq=1 V=47.94V
[0000332968ms +001293ms] #00138 ESC_TELEM seq=2 V=47.94V
[0000332978ms +001303ms] #00139 ESC_TELEM seq=3 V=47.94V
[0000332988ms +001313ms] #00140 ESC_TELEM seq=4 V=47.94V
[0000332998ms +001323ms] #00141 ESC_TELEM seq=5 V=47.94V
[0000333008ms +001333ms] #00142 ESC_TELEM seq=6 V=47.94V
[0000333018ms +001343ms] #00143 ESC_TELEM seq=7 V=47.94V
[0000333028ms +001353ms] #00144 ESC_TELEM seq=0 V=47.94V
[0000333031ms +001356ms] #00145 FC_QUERY timestamp=464208 V=0.00V
[0000333038ms +001363ms] #00146 ESC_TELEM seq=1 V=47.94V
[0000333048ms +001373ms] #00147 ESC_TELEM seq=2 V=47.94V
[0000333058ms +001383ms] #00148 ESC_TELEM seq=3 V=47.94V
[0000333068ms +001393ms] #00149 ESC_TELEM seq=4 V=47.94V
[0000333078ms +001403ms] #00150 ESC_TELEM seq=5 V=47.94V
[0000333088ms +001413ms] #00151 ESC_TELEM seq=6 V=47.94V
[0000333098ms +001423ms] #00152 ESC_TELEM seq=7 V=47.94V
[0000333108ms +001433ms] #00153 ESC_TELEM seq=0 V=47.94V
[0000333111ms +001436ms] #00154 FC_QUERY timestamp=464204 V=0.00V
[0000333118ms +001443ms] #00155 ESC_TELEM seq=1 V=47.94V
[0000333128ms +001453ms] #00156 ESC_TELEM seq=2 V=47.94V
[0000333138ms +001463ms] #00157 ESC_TELEM seq=3 V=47.94V
[0000333148ms +001473ms] #00158 ESC_TELEM seq=4 V=47.94V
[0000333158ms +001483ms] #00159 ESC_TELEM seq=5 V=47.94V
[0000333168ms +001493ms] #00160 ESC_TELEM seq=6 V=47.94V
[0000333178ms +001503ms] #00161 ESC_TELEM seq=7 V=47.94V
[0000333188ms +001513ms] #00162 ESC_TELEM seq=0 V=47.94V
[0000333191ms +001516ms] #00163 FC_QUERY timestamp=464206 V=0.00V
[0000333198ms +001523ms] #00164 ESC_TELEM seq=1 V=47.94V
[0000333208ms +001533ms] #00165 ESC_TELEM seq=2 V=47.94V
[0000333218ms +001543ms] #00166 ESC_TELEM seq=3 V=47.94V
[0000333228ms +001553ms] #00167 ESC_TELEM seq=4 V=47.94V
[0000333238ms +001563ms] #00168 ESC_TELEM seq=5 V=47.94V
[0000333248ms +001573ms] #00169 ESC_TELEM seq=6 V=47.94V
[0000333258ms +001583ms] #00170 ESC_TELEM seq=7 V=47.94V
[0000333268ms +001593ms] #00171 ESC_TELEM seq=0 V=47.94V
[0000333271ms +001596ms] #00172 FC_QUERY timestamp=464211 V=0.00V
[0000333278ms +001603ms] #00173 ESC_TELEM seq=1 V=47.94V
[0000333288ms +001613ms] #00174 ESC_TELEM seq=2 V=47.94V
[0000333298ms +001623ms] #00175 ESC_TELEM seq=3 V=47.94V
[0000333308ms +001633ms] #00176 ESC_TELEM seq=4 V=47.94V
[0000333318ms +001643ms] #00177 ESC_TELEM seq=5 V=47.94V
[0000333328ms +001653ms] #00178 ESC_TELEM seq=6 V=47.94V
[0000333338ms +001663ms] #00179 ESC_TELEM seq=7 V=47.94V
[0000333348ms +001673ms] #00180 ESC_TELEM seq=0 V=47.94V
[0000333351ms +001676ms] #00181 FC_QUERY timestamp=464207 V=0.00V
[0000333358ms +001683ms] #00182 ESC_TELEM seq=1 V=47.94V
[0000333368ms +001693ms] #00183 ESC_TELEM seq=2 V=47.94V
[0000333378ms +001703ms] #00184 ESC_TELEM seq=3 V=47.94V
[0000333388ms +001713ms] #00185 ESC_TELEM seq=4 V=47.94V
[0000333398ms +001723ms] #00186 ESC_TELEM seq=5 V=47.94V
[0000333408ms +001733ms] #00187 ESC_TELEM seq=6 V=47.94V
[0000333418ms +001743ms] #00188 ESC_TELEM seq=7 V=47.94V
[0000333428ms +001753ms] #00189 ESC_TELEM seq=0 V=47.94V
[0000333431ms +001756ms] #00190 FC_QUERY timestamp=464204 V=0.00V
[0000333438ms +001763ms] #00191 ESC_TELEM seq=1 V=47.94V
[0000333448ms +001773ms] #00192 ESC_TELEM seq=2 V=47.94V
[0000333458ms +001783ms] #00193 ESC_TELEM seq=3 V=47.94V
[0000333468ms +001793ms] #00194 ESC_TELEM seq=4 V=47.94V
[0000333478ms +001803ms] #00195 ESC_TELEM seq=5 V=47.94V
[0000333488ms +001813ms] #00196 ESC_TELEM seq=6 V=47.94V
[0000333498ms +001823ms] #00197 ESC_TELEM seq=7 V=47.94V
[0000333508ms +001833ms] #00198 ESC_TELEM seq=0 V=47.94V
[0000333511ms +001836ms] #00199 FC_QUERY timestamp=464209 V=0.00V
[0000333518ms +001843ms] #00200 ESC_TELEM seq=1 V=47.94V
[0000333528ms +001853ms] #00201 ESC_TELEM seq=2 V=47.94V
[0000333538ms +001863ms] #00202 ESC_TELEM seq=3 V=47.94V
[0000333548ms +001873ms] #00203 ESC_TELEM seq=4 V=47.94V
[0000333558ms +001883ms] #00204 ESC_TELEM seq=5 V=47.94V
[0000333568ms +001893ms] #00205 ESC_TELEM seq=6 V=47.94V
[0000333578ms +001903ms] #00206 ESC_TELEM seq=7 V=47.94V
[0000333588ms +001913ms] #00207 ESC_TELEM seq=0 V=47.94V
[0000333591ms +001916ms] #00208 FC_QUERY timestamp=464209 V=0.00V
[0000333598ms +001923ms] #00209 ESC_TELEM seq=1 V=47.94V
[0000333608ms +001933ms] #00210 ESC_TELEM seq=2 V=47.94V
[0000333618ms +001943ms] #00211 ESC_TELEM seq=3 V=47.94V
[0000333628ms +001953ms] #00212 ESC_TELEM seq=4 V=47.94V
[0000333638ms +001963ms] #00213 ESC_TELEM seq=5 V=47.94V
[0000333648ms +001973ms] #00214 ESC_TELEM seq=6 V=47.94V
[0000333658ms +001983ms] #00215 ESC_TELEM seq=7 V=47.94V
[0000333668ms +001993ms] #00216 ESC_TELEM seq=0 V=47.94V
[0000333671ms +001996ms] #00217 FC_QUERY timestamp=464205 V=0.00V
[0000333678ms +002003ms] #00218 ESC_TELEM seq=1 V=47.94V
[0000333688ms +002013ms] #00219 ESC_TELEM seq=2 V=47.94V
[0000333698ms +002023ms] #00220 ESC_TELEM seq=3 V=47.94V
[0000333708ms +002033ms] #00221 ESC_TELEM seq=4 V=47.94V
[0000333719ms +002044ms] #00222 ESC_TELEM seq=5 V=47.94V
[0000333728ms +002053ms] #00223 ESC_TELEM seq=6 V=47.94V
[0000333739ms +002064ms] #00224 ESC_TELEM seq=7 V=47.94V
[0000333748ms +002073ms] #00225 ESC_TELEM seq=0 V=47.94V
[0000333751ms +002076ms] #00226 FC_QUERY timestamp=464206 V=0.00V
[0000333759ms +002084ms] #00227 ESC_TELEM seq=1 V=47.94V
[0000333769ms +002094ms] #00228 ESC_TELEM seq=2 V=47.94V
[0000333779ms +002104ms] #00229 ESC_TELEM seq=3 V=47.94V
[0000333789ms +002114ms] #00230 ESC_TELEM seq=4 V=47.94V
[0000333799ms +002124ms] #00231 ESC_TELEM seq=5 V=47.94V
[0000333809ms +002134ms] #00232 ESC_TELEM seq=6 V=47.94V
[0000333819ms +002144ms] #00233 ESC_TELEM seq=7 V=47.94V
[0000333829ms +002154ms] #00234 ESC_TELEM seq=0 V=47.94V
[0000333829ms +002154ms] #00235 FC_QUERY timestamp=464210 V=0.00V
[0000333839ms +002164ms] #00236 ESC_TELEM seq=1 V=47.94V
[0000333849ms +002174ms] #00237 ESC_TELEM seq=2 V=47.94V
[0000333859ms +002184ms] #00238 ESC_TELEM seq=3 V=47.94V
[0000333869ms +002194ms] #00239 ESC_TELEM seq=4 V=47.94V
[0000333879ms +002204ms] #00240 ESC_TELEM seq=5 V=47.94V
[0000333889ms +002214ms] #00241 ESC_TELEM seq=6 V=47.94V
[0000333899ms +002224ms] #00242 ESC_TELEM seq=7 V=47.94V
[0000333909ms +002234ms] #00243 ESC_TELEM seq=0 V=47.94V
[0000333911ms +002236ms] #00244 FC_QUERY timestamp=464211 V=0.00V
[0000333919ms +002244ms] #00245 ESC_TELEM seq=1 V=47.94V
[0000333929ms +002254ms] #00246 ESC_TELEM seq=2 V=47.94V
[0000333939ms +002264ms] #00247 ESC_TELEM seq=3 V=47.94V
[0000333949ms +002274ms] #00248 ESC_TELEM seq=4 V=47.94V
[0000333959ms +002284ms] #00249 ESC_TELEM seq=5 V=47.94V
[0000333969ms +002294ms] #00250 ESC_TELEM seq=6 V=47.94V
[0000333979ms +002304ms] #00251 ESC_TELEM seq=7 V=47.94V
[0000333989ms +002314ms] #00252 ESC_TELEM seq=0 V=47.94V
[0000333991ms +002316ms] #00253 FC_QUERY timestamp=464209 V=0.00V
[0000333994ms +002319ms] #00254 DECODE_ERROR
[0000333999ms +002324ms] #00255 ESC_TELEM seq=1 V=47.94V
[0000334009ms +002334ms] #00256 ESC_TELEM seq=2 V=47.94V
[0000334019ms +002344ms] #00257 ESC_TELEM seq=3 V=47.94V
[0000334029ms +002354ms] #00258 ESC_TELEM seq=4 V=47.94V
[0000334039ms +002364ms] #00259 ESC_TELEM seq=5 V=47.94V
[0000334049ms +002374ms] #00260 ESC_TELEM seq=6 V=47.94V
[0000334059ms +002384ms] #00261 ESC_TELEM seq=7 V=47.94V
[0000334069ms +002394ms] #00262 ESC_TELEM seq=0 V=47.94V
[0000334071ms +002396ms] #00263 FC_QUERY timestamp=464209 V=0.00V
[0000334079ms +002404ms] #00264 ESC_TELEM seq=1 V=47.94V
[0000334089ms +002414ms] #00265 ESC_TELEM seq=2 V=47.94V
[0000334099ms +002424ms] #00266 ESC_TELEM seq=3 V=47.94V
[0000334109ms +002434ms] #00267 ESC_TELEM seq=4 V=47.94V
[0000334119ms +002444ms] #00268 ESC_TELEM seq=5 V=47.94V
[0000334129ms +002454ms] #00269 ESC_TELEM seq=6 V=47.94V
[0000334139ms +002464ms] #00270 ESC_TELEM seq=7 V=47.94V
[0000334149ms +002474ms] #00271 ESC_TELEM seq=0 V=47.94V
[0000334151ms +002476ms] #00272 FC_QUERY timestamp=464209 V=48.14V
[0000334159ms +002484ms] #00273 ESC_TELEM seq=1 V=47.94V
[0000334169ms +002494ms] #00274 ESC_TELEM seq=2 V=47.94V
[0000334179ms +002504ms] #00275 ESC_TELEM seq=3 V=47.94V
[0000334189ms +002514ms] #00276 ESC_TELEM seq=4 V=47.94V
[0000334199ms +002524ms] #00277 ESC_TELEM seq=5 V=47.94V
[0000334209ms +002534ms] #00278 ESC_TELEM seq=6 V=47.94V
[0000334219ms +002544ms] #00279 ESC_TELEM seq=7 V=47.94V
[0000334229ms +002554ms] #00280 ESC_TELEM seq=0 V=47.94V
[0000334231ms +002556ms] #00281 FC_QUERY timestamp=464210 V=48.09V
[0000334239ms +002564ms] #00282 ESC_TELEM seq=1 V=47.94V
[0000334249ms +002574ms] #00283 ESC_TELEM seq=2 V=47.94V
[0000334259ms +002584ms] #00284 ESC_TELEM seq=3 V=47.94V
[0000334269ms +002594ms] #00285 ESC_TELEM seq=4 V=47.94V
[0000334279ms +002604ms] #00286 ESC_TELEM seq=5 V=47.94V
[0000334289ms +002614ms] #00287 ESC_TELEM seq=6 V=47.94V
[0000334299ms +002624ms] #00288 ESC_TELEM seq=7 V=47.94V
[0000334309ms +002634ms] #00289 ESC_TELEM seq=0 V=47.94V
[0000334312ms +002637ms] #00290 FC_QUERY timestamp=464211 V=48.09V
[0000334319ms +002644ms] #00291 ESC_TELEM seq=1 V=47.94V
[0000334329ms +002654ms] #00292 ESC_TELEM seq=2 V=47.94V
[0000334339ms +002664ms] #00293 ESC_TELEM seq=3 V=47.94V
[0000334349ms +002674ms] #00294 ESC_TELEM seq=4 V=47.94V
[0000334359ms +002684ms] #00295 ESC_TELEM seq=5 V=47.94V
[0000334369ms +002694ms] #00296 ESC_TELEM seq=6 V=47.94V
[0000334379ms +002704ms] #00297 ESC_TELEM seq=7 V=47.94V
[0000334389ms +002714ms] #00298 ESC_TELEM seq=0 V=47.94V
[0000334392ms +002717ms] #00299 FC_QUERY timestamp=464211 V=48.14V
[0000334399ms +002724ms] #00300 ESC_TELEM seq=1 V=47.94V
[0000334409ms +002734ms] #00301 ESC_TELEM seq=2 V=47.94V
[0000334419ms +002744ms] #00302 ESC_TELEM seq=3 V=47.94V
[0000334429ms +002754ms] #00303 ESC_TELEM seq=4 V=47.94V
[0000334439ms +002764ms] #00304 ESC_TELEM seq=5 V=47.94V
[0000334449ms +002774ms] #00305 ESC_TELEM seq=6 V=47.94V
[0000334459ms +002784ms] #00306 ESC_TELEM seq=7 V=47.94V
[0000334469ms +002794ms] #00307 ESC_TELEM seq=0 V=47.94V
[0000334472ms +002797ms] #00308 FC_QUERY timestamp=464212 V=48.14V
[0000334479ms +002804ms] #00309 ESC_TELEM seq=1 V=47.94V
[0000334489ms +002814ms] #00310 ESC_TELEM seq=2 V=47.94V
[0000334499ms +002824ms] #00311 ESC_TELEM seq=3 V=47.94V
[0000334509ms +002834ms] #00312 ESC_TELEM seq=4 V=47.94V
[0000334519ms +002844ms] #00313 ESC_TELEM seq=5 V=47.94V
[0000334529ms +002854ms] #00314 ESC_TELEM seq=6 V=47.94V
[0000334539ms +002864ms] #00315 ESC_TELEM seq=7 V=47.94V
[0000334549ms +002874ms] #00316 ESC_TELEM seq=0 V=47.94V
[0000334552ms +002877ms] #00317 FC_QUERY timestamp=464211 V=48.14V
[0000334559ms +002884ms] #00318 ESC_TELEM seq=1 V=47.94V
[0000334569ms +002894ms] #00319 ESC_TELEM seq=2 V=47.94V
[0000334579ms +002904ms] #00320 ESC_TELEM seq=3 V=47.94V
[0000334589ms +002914ms] #00321 ESC_TELEM seq=4 V=47.94V
[0000334599ms +002924ms] #00322 ESC_TELEM seq=5 V=47.94V
[0000334609ms +002934ms] #00323 ESC_TELEM seq=6 V=47.94V
[0000334619ms +002944ms] #00324 ESC_TELEM seq=7 V=47.94V
[0000334629ms +002954ms] #00325 ESC_TELEM seq=0 V=47.94V
[0000334632ms +002957ms] #00326 FC_QUERY timestamp=464211 V=48.09V
[0000334639ms +002964ms] #00327 ESC_TELEM seq=1 V=47.94V
[0000334649ms +002974ms] #00328 ESC_TELEM seq=2 V=47.94V
[0000334659ms +002984ms] #00329 ESC_TELEM seq=3 V=47.94V
[0000334669ms +002994ms] #00330 ESC_TELEM seq=4 V=47.94V
[0000334679ms +003004ms] #00331 ESC_TELEM seq=5 V=47.94V
[0000334689ms +003014ms] #00332 ESC_TELEM seq=6 V=47.94V
[0000334699ms +003024ms] #00333 ESC_TELEM seq=7 V=47.94V
[0000334709ms +003034ms] #00334 ESC_TELEM seq=0 V=47.94V
[0000334712ms +003037ms] #00335 FC_QUERY timestamp=464210 V=48.09V
[0000334719ms +003044ms] #00336 ESC_TELEM seq=1 V=47.94V
[0000334729ms +003054ms] #00337 ESC_TELEM seq=2 V=47.94V
[0000334739ms +003064ms] #00338 ESC_TELEM seq=3 V=47.94V
[0000334749ms +003074ms] #00339 ESC_TELEM seq=4 V=47.94V
[0000334759ms +003084ms] #00340 ESC_TELEM seq=5 V=47.94V
[0000334769ms +003094ms] #00341 ESC_TELEM seq=6 V=47.94V
[0000334779ms +003104ms] #00342 ESC_TELEM seq=7 V=47.94V
[0000334789ms +003114ms] #00343 ESC_TELEM seq=0 V=47.94V
[0000334792ms +003117ms] #00344 FC_QUERY timestamp=464211 V=48.14V
[0000334799ms +003124ms] #00345 ESC_TELEM seq=1 V=47.94V
[0000334809ms +003134ms] #00346 ESC_TELEM seq=2 V=47.94V
[0000334819ms +003144ms] #00347 ESC_TELEM seq=3 V=47.94V
[0000334829ms +003154ms] #00348 ESC_TELEM seq=4 V=47.94V
[0000334839ms +003164ms] #00349 ESC_TELEM seq=5 V=47.94V
[0000334849ms +003174ms] #00350 ESC_TELEM seq=6 V=47.94V
[0000334859ms +003184ms] #00351 ESC_TELEM seq=7 V=47.94V
[0000334869ms +003194ms] #00352 ESC_TELEM seq=0 V=47.94V
[0000334872ms +003197ms] #00353 FC_QUERY timestamp=464209 V=48.14V
[0000334879ms +003204ms] #00354 ESC_TELEM seq=1 V=47.94V
[0000334889ms +003214ms] #00355 ESC_TELEM seq=2 V=47.94V
[0000334899ms +003224ms] #00356 ESC_TELEM seq=3 V=47.94V
[0000334909ms +003234ms] #00357 ESC_TELEM seq=4 V=47.94V
[0000334919ms +003244ms] #00358 ESC_TELEM seq=5 V=47.94V
[0000334929ms +003254ms] #00359 ESC_TELEM seq=6 V=47.94V
[0000334939ms +003264ms] #00360 ESC_TELEM seq=7 V=47.94V
[0000334949ms +003274ms] #00361 ESC_TELEM seq=0 V=47.94V
[0000334952ms +003277ms] #00362 FC_QUERY timestamp=464211 V=48.14V
[0000334959ms +003284ms] #00363 ESC_TELEM seq=1 V=47.94V
[0000334969ms +003294ms] #00364 ESC_TELEM seq=2 V=47.94V
[0000334979ms +003304ms] #00365 ESC_TELEM seq=3 V=47.94V
[0000334989ms +003314ms] #00366 ESC_TELEM seq=4 V=47.94V
[0000334999ms +003324ms] #00367 ESC_TELEM seq=5 V=47.94V
[0000335009ms +003334ms] #00368 ESC_TELEM seq=6 V=47.94V
[0000335019ms +003344ms] #00369 ESC_TELEM seq=7 V=47.94V
[0000335029ms +003354ms] #00370 ESC_TELEM seq=0 V=47.94V
[0000335032ms +003357ms] #00371 FC_QUERY timestamp=464210 V=48.09V
[0000335039ms +003364ms] #00372 ESC_TELEM seq=1 V=47.94V
[0000335049ms +003374ms] #00373 ESC_TELEM seq=2 V=47.94V
[0000335059ms +003384ms] #00374 ESC_TELEM seq=3 V=47.94V
[0000335069ms +003394ms] #00375 ESC_TELEM seq=4 V=47.94V
[0000335079ms +003404ms] #00376 ESC_TELEM seq=5 V=47.94V
[0000335089ms +003414ms] #00377 ESC_TELEM seq=6 V=47.94V
[0000335099ms +003424ms] #00378 ESC_TELEM seq=7 V=47.94V
[0000335109ms +003434ms] #00379 ESC_TELEM seq=0 V=47.94V
[0000335112ms +003437ms] #00380 FC_QUERY timestamp=464210 V=48.14V
[0000335119ms +003444ms] #00381 ESC_TELEM seq=1 V=47.94V
[0000335129ms +003454ms] #00382 ESC_TELEM seq=2 V=47.94V
[0000335139ms +003464ms] #00383 ESC_TELEM seq=3 V=47.94V
[0000335149ms +003474ms] #00384 ESC_TELEM seq=4 V=47.94V
[0000335159ms +003484ms] #00385 ESC_TELEM seq=5 V=47.94V
[0000335169ms +003494ms] #00386 ESC_TELEM seq=6 V=47.94V
[0000335179ms +003504ms] #00387 ESC_TELEM seq=7 V=47.94V
[0000335189ms +003514ms] #00388 ESC_TELEM seq=0 V=47.94V
[0000335192ms +003517ms] #00389 FC_QUERY timestamp=464211 V=48.14V
[0000335199ms +003524ms] #00390 ESC_TELEM seq=1 V=47.94V
[0000335209ms +003534ms] #00391 ESC_TELEM seq=2 V=47.94V
[0000335219ms +003544ms] #00392 ESC_TELEM seq=3 V=47.94V
[0000335229ms +003554ms] #00393 ESC_TELEM seq=4 V=47.94V
[0000335239ms +003564ms] #00394 ESC_TELEM seq=5 V=47.94V
[0000335249ms +003574ms] #00395 ESC_TELEM seq=6 V=47.94V
[0000335259ms +003584ms] #00396 ESC_TELEM seq=7 V=47.94V
[0000335269ms +003594ms] #00397 ESC_TELEM seq=0 V=47.94V
[0000335272ms +003597ms] #00398 FC_QUERY timestamp=464211 V=48.14V
[0000335279ms +003604ms] #00399 ESC_TELEM seq=1 V=47.94V
[0000335289ms +003614ms] #00400 ESC_TELEM seq=2 V=47.94V
[0000335299ms +003624ms] #00401 ESC_TELEM seq=3 V=47.94V
[0000335309ms +003634ms] #00402 ESC_TELEM seq=4 V=47.94V
[0000335319ms +003644ms] #00403 ESC_TELEM seq=5 V=47.94V
[0000335329ms +003654ms] #00404 ESC_TELEM seq=6 V=47.94V
[0000335339ms +003664ms] #00405 ESC_TELEM seq=7 V=47.94V
[0000335349ms +003674ms] #00406 ESC_TELEM seq=0 V=47.94V
[0000335352ms +003677ms] #00407 FC_QUERY timestamp=464212 V=48.14V
[0000335359ms +003684ms] #00408 ESC_TELEM seq=1 V=47.94V
[0000335369ms +003694ms] #00409 ESC_TELEM seq=2 V=47.94V
[0000335380ms +003705ms] #00410 ESC_TELEM seq=3 V=47.94V
[0000335389ms +003714ms] #00411 ESC_TELEM seq=4 V=47.94V
[0000335400ms +003725ms] #00412 ESC_TELEM seq=5 V=47.94V
[0000335410ms +003735ms] #00413 ESC_TELEM seq=6 V=47.94V
[0000335420ms +003745ms] #00414 ESC_TELEM seq=7 V=47.94V
[0000335430ms +003755ms] #00415 ESC_TELEM seq=0 V=47.94V
[0000335432ms +003757ms] #00416 FC_QUERY timestamp=464211 V=48.09V
[0000335440ms +003765ms] #00417 ESC_TELEM seq=1 V=47.94V
[0000335450ms +003775ms] #00418 ESC_TELEM seq=2 V=47.94V
[0000335460ms +003785ms] #00419 ESC_TELEM seq=3 V=47.94V
[0000335470ms +003795ms] #00420 ESC_TELEM seq=4 V=47.94V
[0000335480ms +003805ms] #00421 ESC_TELEM seq=5 V=47.94V
[0000335490ms +003815ms] #00422 ESC_TELEM seq=6 V=47.94V
[0000335500ms +003825ms] #00423 ESC_TELEM seq=7 V=47.94V
[0000335510ms +003835ms] #00424 ESC_TELEM seq=0 V=47.94V
[0000335512ms +003837ms] #00425 FC_QUERY timestamp=464212 V=48.09V
[0000335520ms +003845ms] #00426 ESC_TELEM seq=1 V=47.94V
[0000335530ms +003855ms] #00427 ESC_TELEM seq=2 V=47.94V
[0000335540ms +003865ms] #00428 ESC_TELEM seq=3 V=47.94V
[0000335550ms +003875ms] #00429 ESC_TELEM seq=4 V=47.94V
[0000335560ms +003885ms] #00430 ESC_TELEM seq=5 V=47.94V
[0000335570ms +003895ms] #00431 ESC_TELEM seq=6 V=47.94V
[0000335580ms +003905ms] #00432 ESC_TELEM seq=7 V=47.94V
[0000335590ms +003915ms] #00433 ESC_TELEM seq=0 V=47.94V
[0000335592ms +003917ms] #00434 FC_QUERY timestamp=464211 V=48.09V
[0000335600ms +003925ms] #00435 ESC_TELEM seq=1 V=47.94V
[0000335610ms +003935ms] #00436 ESC_TELEM seq=2 V=47.94V
[0000335620ms +003945ms] #00437 ESC_TELEM seq=3 V=47.94V
[0000335630ms +003955ms] #00438 ESC_TELEM seq=4 V=47.94V
[0000335640ms +003965ms] #00439 ESC_TELEM seq=5 V=47.94V
[0000335650ms +003975ms] #00440 ESC_TELEM seq=6 V=47.94V
[0000335660ms +003985ms] #00441 ESC_TELEM seq=7 V=47.94V
[0000335670ms +003995ms] #00442 ESC_TELEM seq=0 V=47.94V
[0000335672ms +003997ms] #00443 FC_QUERY timestamp=464211 V=48.14V
[0000335680ms +004005ms] #00444 ESC_TELEM seq=1 V=35.70V
[0000335690ms +004015ms] #00445 ESC_TELEM seq=2 V=35.70V
[0000335700ms +004025ms] #00446 ESC_TELEM seq=3 V=35.70V
[0000335710ms +004035ms] #00447 ESC_TELEM seq=4 V=35.70V
[0000335720ms +004045ms] #00448 ESC_TELEM seq=5 V=35.70V
[0000335730ms +004055ms] #00449 ESC_TELEM seq=6 V=35.70V
[0000335740ms +004065ms] #00450 ESC_TELEM seq=7 V=35.70V
[0000335750ms +004075ms] #00451 ESC_TELEM seq=0 V=35.70V
[0000335752ms +004077ms] #00452 FC_QUERY timestamp=464212 V=35.85V
[0000335760ms +004085ms] #00453 ESC_TELEM seq=1 V=35.70V
[0000335770ms +004095ms] #00454 ESC_TELEM seq=2 V=35.70V
[0000335780ms +004105ms] #00455 ESC_TELEM seq=3 V=35.70V
[0000335790ms +004115ms] #00456 ESC_TELEM seq=4 V=35.70V
[0000335800ms +004125ms] #00457 ESC_TELEM seq=5 V=35.70V
[0000335810ms +004135ms] #00458 ESC_TELEM seq=6 V=35.70V
[0000335820ms +004145ms] #00459 ESC_TELEM seq=7 V=35.70V
[0000335830ms +004155ms] #00460 ESC_TELEM seq=0 V=35.70V
[0000335833ms +004158ms] #00461 FC_QUERY timestamp=464210 V=35.85V
[0000335840ms +004165ms] #00462 ESC_TELEM seq=1 V=35.70V
[0000335850ms +004175ms] #00463 ESC_TELEM seq=2 V=35.70V
[0000335860ms +004185ms] #00464 ESC_TELEM seq=3 V=35.70V
[0000335870ms +004195ms] #00465 ESC_TELEM seq=4 V=35.70V
[0000335880ms +004205ms] #00466 ESC_TELEM seq=5 V=35.70V
[0000335890ms +004215ms] #00467 ESC_TELEM seq=6 V=35.70V
[0000335900ms +004225ms] #00468 ESC_TELEM seq=7 V=35.70V
[0000335910ms +004235ms] #00469 ESC_TELEM seq=0 V=35.70V
[0000335913ms +004238ms] #00470 FC_QUERY timestamp=464211 V=35.85V
[0000335920ms +004245ms] #00471 ESC_TELEM seq=1 V=35.70V
[0000335930ms +004255ms] #00472 ESC_TELEM seq=2 V=35.70V
[0000335940ms +004265ms] #00473 ESC_TELEM seq=3 V=35.70V
[0000335950ms +004275ms] #00474 ESC_TELEM seq=4 V=35.70V
[0000335960ms +004285ms] #00475 ESC_TELEM seq=5 V=35.70V
[0000335970ms +004295ms] #00476 ESC_TELEM seq=6 V=35.70V
[0000335980ms +004305ms] #00477 ESC_TELEM seq=7 V=35.70V
[0000335990ms +004315ms] #00478 ESC_TELEM seq=0 V=35.70V
[0000335993ms +004318ms] #00479 FC_QUERY timestamp=464211 V=35.85V
[0000336000ms +004325ms] #00480 ESC_TELEM seq=1 V=35.70V
[0000336010ms +004335ms] #00481 ESC_TELEM seq=2 V=35.70V
[0000336020ms +004345ms] #00482 ESC_TELEM seq=3 V=35.70V
[0000336030ms +004355ms] #00483 ESC_TELEM seq=4 V=35.70V
[0000336040ms +004365ms] #00484 ESC_TELEM seq=5 V=35.70V
[0000336050ms +004375ms] #00485 ESC_TELEM seq=6 V=35.70V
[0000336060ms +004385ms] #00486 ESC_TELEM seq=7 V=35.70V
[0000336070ms +004395ms] #00487 ESC_TELEM seq=0 V=35.70V
[0000336073ms +004398ms] #00488 FC_QUERY timestamp=464211 V=35.85V
[0000336080ms +004405ms] #00489 ESC_TELEM seq=1 V=35.70V
[0000336090ms +004415ms] #00490 ESC_TELEM seq=2 V=35.70V
[0000336100ms +004425ms] #00491 ESC_TELEM seq=3 V=35.70V
[0000336110ms +004435ms] #00492 ESC_TELEM seq=4 V=35.70V
[0000336120ms +004445ms] #00493 ESC_TELEM seq=5 V=35.70V
[0000336130ms +004455ms] #00494 ESC_TELEM seq=6 V=35.70V
[0000336140ms +004465ms] #00495 ESC_TELEM seq=7 V=35.70V
[0000336150ms +004475ms] #00496 ESC_TELEM seq=0 V=35.70V
[0000336153ms +004478ms] #00497 FC_QUERY timestamp=464211 V=35.85V
[0000336160ms +004485ms] #00498 ESC_TELEM seq=1 V=35.70V
[0000336170ms +004495ms] #00499 ESC_TELEM seq=2 V=35.70V
[0000336180ms +004505ms] #00500 ESC_TELEM seq=3 V=35.70V
[0000336190ms +004515ms] #00501 ESC_TELEM seq=4 V=35.70V
[0000336200ms +004525ms] #00502 ESC_TELEM seq=5 V=35.70V
[0000336210ms +004535ms] #00503 ESC_TELEM seq=6 V=35.70V
[0000336220ms +004545ms] #00504 ESC_TELEM seq=7 V=35.70V
[0000336230ms +004555ms] #00505 ESC_TELEM seq=0 V=35.70V
[0000336233ms +004558ms] #00506 FC_QUERY timestamp=464212 V=35.85V
[0000336240ms +004565ms] #00507 ESC_TELEM seq=1 V=35.70V
[0000336250ms +004575ms] #00508 ESC_TELEM seq=2 V=35.70V
[0000336260ms +004585ms] #00509 ESC_TELEM seq=3 V=35.70V
[0000336270ms +004595ms] #00510 ESC_TELEM seq=4 V=35.70V
[0000336280ms +004605ms] #00511 ESC_TELEM seq=5 V=35.70V
[0000336290ms +004615ms] #00512 ESC_TELEM seq=6 V=35.70V
[0000336300ms +004625ms] #00513 ESC_TELEM seq=7 V=35.70V
[0000336310ms +004635ms] #00514 ESC_TELEM seq=0 V=35.70V
[0000336313ms +004638ms] #00515 FC_QUERY timestamp=464211 V=35.85V
[0000336320ms +004645ms] #00516 ESC_TELEM seq=1 V=35.70V
[0000336330ms +004655ms] #00517 ESC_TELEM seq=2 V=35.70V
[0000336340ms +004665ms] #00518 ESC_TELEM seq=3 V=35.70V
[0000336350ms +004675ms] #00519 ESC_TELEM seq=4 V=35.70V
[0000336360ms +004685ms] #00520 ESC_TELEM seq=5 V=35.70V
[0000336370ms +004695ms] #00521 ESC_TELEM seq=6 V=35.70V
[0000336380ms +004705ms] #00522 ESC_TELEM seq=7 V=35.70V
[0000336390ms +004715ms] #00523 ESC_TELEM seq=0 V=35.70V
[0000336393ms +004718ms] #00524 FC_QUERY timestamp=464211 V=35.85V
[0000336400ms +004725ms] #00525 ESC_TELEM seq=1 V=35.70V
[0000336410ms +004735ms] #00526 ESC_TELEM seq=2 V=35.70V
[0000336420ms +004745ms] #00527 ESC_TELEM seq=3 V=35.70V
[0000336430ms +004755ms] #00528 ESC_TELEM seq=4 V=35.70V
[0000336440ms +004765ms] #00529 ESC_TELEM seq=5 V=35.70V
[0000336450ms +004775ms] #00530 ESC_TELEM seq=6 V=35.70V
[0000336460ms +004785ms] #00531 ESC_TELEM seq=7 V=35.70V
[0000336470ms +004795ms] #00532 ESC_TELEM seq=0 V=35.70V
[0000336473ms +004798ms] #00533 FC_QUERY timestamp=464211 V=35.85V
[0000336480ms +004805ms] #00534 ESC_TELEM seq=1 V=35.70V
[0000336490ms +004815ms] #00535 ESC_TELEM seq=2 V=35.70V
[0000336500ms +004825ms] #00536 ESC_TELEM seq=3 V=35.70V
[0000336510ms +004835ms] #00537 ESC_TELEM seq=4 V=35.70V
[0000336520ms +004845ms] #00538 ESC_TELEM seq=5 V=35.70V
[0000336530ms +004855ms] #00539 ESC_TELEM seq=6 V=35.70V
[0000336540ms +004865ms] #00540 ESC_TELEM seq=7 V=35.70V
[0000336550ms +004875ms] #00541 ESC_TELEM seq=0 V=35.70V
[0000336553ms +004878ms] #00542 FC_QUERY timestamp=464212 V=35.85V
[0000336560ms +004885ms] #00543 ESC_TELEM seq=1 V=35.70V
[0000336570ms +004895ms] #00544 ESC_TELEM seq=2 V=35.70V
[0000336580ms +004905ms] #00545 ESC_TELEM seq=3 V=35.70V
[0000336590ms +004915ms] #00546 ESC_TELEM seq=4 V=35.70V
[0000336600ms +004925ms] #00547 ESC_TELEM seq=5 V=35.70V
[0000336610ms +004935ms] #00548 ESC_TELEM seq=6 V=35.70V
[0000336620ms +004945ms] #00549 ESC_TELEM seq=7 V=35.70V
[0000336630ms +004955ms] #00550 ESC_TELEM seq=0 V=35.70V
[0000336633ms +004958ms] #00551 CMD_0xA021
[0000336633ms +004958ms] #00552 CMD_0x9E00
[0000336640ms +004965ms] #00553 ESC_TELEM seq=1 V=35.70V
[0000336650ms +004975ms] #00554 ESC_TELEM seq=2 V=35.70V
[0000336660ms +004985ms] #00555 ESC_TELEM seq=3 V=47.94V
[0000336670ms +004995ms] #00556 ESC_TELEM seq=4 V=47.94V
[0000336680ms +005005ms] #00557 CMD_0x0303
[0000336682ms +005007ms] #00558 CMD_0x0C03
[0000336684ms +005009ms] #00559 DECODE_ERROR
[0000336695ms +005020ms] #00560 CMD_0x0303
[0000336710ms +005035ms] #00561 CMD_0x0303
[0000336725ms +005050ms] #00562 CMD_0x0303
[0000336740ms +005065ms] #00563 CMD_0x0303
[0000336755ms +005080ms] #00564 CMD_0x0303
[0000336770ms +005095ms] #00565 CMD_0x0303
[0000336785ms +005110ms] #00566 CMD_0x0303
[0000336800ms +005125ms] #00567 ESC_TELEM seq=5 V=47.94V
[0000336810ms +005135ms] #00568 ESC_TELEM seq=6 V=47.94V
[0000336820ms +005145ms] #00569 ESC_TELEM seq=7 V=47.94V
[0000336830ms +005155ms] #00570 ESC_TELEM seq=0 V=47.94V
[0000336833ms +005158ms] #00571 FC_QUERY timestamp=464210 V=48.20V
[0000336840ms +005165ms] #00572 ESC_TELEM seq=1 V=47.94V
[0000336850ms +005175ms] #00573 ESC_TELEM seq=2 V=47.94V
[0000336860ms +005185ms] #00574 ESC_TELEM seq=3 V=47.94V
[0000336870ms +005195ms] #00575 ESC_TELEM seq=4 V=47.94V
[0000336881ms +005206ms] #00576 ESC_TELEM seq=5 V=47.94V
[0000336890ms +005215ms] #00577 ESC_TELEM seq=6 V=47.94V
[0000336901ms +005226ms] #00578 ESC_TELEM seq=7 V=47.94V
[0000336910ms +005235ms] #00579 ESC_TELEM seq=0 V=47.94V
[0000336913ms +005238ms] #00580 FC_QUERY timestamp=464211 V=48.14V
[0000336921ms +005246ms] #00581 ESC_TELEM seq=1 V=47.94V
[0000336931ms +005256ms] #00582 ESC_TELEM seq=2 V=47.94V
[0000336941ms +005266ms] #00583 ESC_TELEM seq=3 V=47.94V
[0000336950ms +005275ms] #00584 ESC_TELEM seq=4 V=47.94V
[0000336961ms +005286ms] #00585 ESC_TELEM seq=5 V=47.94V
[0000336971ms +005296ms] #00586 ESC_TELEM seq=6 V=47.94V
[0000336981ms +005306ms] #00587 ESC_TELEM seq=7 V=47.94V
[0000336991ms +005316ms] #00588 ESC_TELEM seq=0 V=47.94V
[0000336993ms +005318ms] #00589 FC_QUERY timestamp=464211 V=48.14V
[0000337001ms +005326ms] #00590 ESC_TELEM seq=1 V=47.94V
[0000337011ms +005336ms] #00591 ESC_TELEM seq=2 V=47.94V
[0000337021ms +005346ms] #00592 ESC_TELEM seq=3 V=47.94V
[0000337031ms +005356ms] #00593 ESC_TELEM seq=4 V=47.94V
[0000337041ms +005366ms] #00594 ESC_TELEM seq=5 V=47.94V
[0000337051ms +005376ms] #00595 ESC_TELEM seq=6 V=47.94V
[0000337061ms +005386ms] #00596 ESC_TELEM seq=7 V=47.94V
[0000337071ms +005396ms] #00597 ESC_TELEM seq=0 V=47.94V
[0000337073ms +005398ms] #00598 FC_QUERY timestamp=464211 V=48.14V
[0000337081ms +005406ms] #00599 ESC_TELEM seq=1 V=47.94V
[0000337091ms +005416ms] #00600 ESC_TELEM seq=2 V=47.94V
[0000337101ms +005426ms] #00601 ESC_TELEM seq=3 V=47.94V
[0000337111ms +005436ms] #00602 ESC_TELEM seq=4 V=47.94V
[0000337121ms +005446ms] #00603 ESC_TELEM seq=5 V=47.94V
[0000337131ms +005456ms] #00604 ESC_TELEM seq=6 V=47.94V
[0000337141ms +005466ms] #00605 ESC_TELEM seq=7 V=47.94V
[0000337151ms +005476ms] #00606 ESC_TELEM seq=0 V=47.94V
[0000337153ms +005478ms] #00607 FC_QUERY timestamp=464212 V=48.14V
[0000337161ms +005486ms] #00608 ESC_TELEM seq=1 V=47.94V
[0000337171ms +005496ms] #00609 ESC_TELEM seq=2 V=47.94V
[0000337181ms +005506ms] #00610 ESC_TELEM seq=3 V=47.94V
[0000337191ms +005516ms] #00611 ESC_TELEM seq=4 V=47.94V
[0000337201ms +005526ms] #00612 ESC_TELEM seq=5 V=47.94V
[0000337211ms +005536ms] #00613 ESC_TELEM seq=6 V=47.94V
[0000337221ms +005546ms] #00614 ESC_TELEM seq=7 V=47.94V
[0000337231ms +005556ms] #00615 ESC_TELEM seq=0 V=47.94V
[0000337233ms +005558ms] #00616 FC_QUERY timestamp=464212 V=48.09V
[0000337241ms +005566ms] #00617 ESC_TELEM seq=1 V=47.94V
[0000337251ms +005576ms] #00618 ESC_TELEM seq=2 V=47.94V
[0000337261ms +005586ms] #00619 ESC_TELEM seq=3 V=47.94V
[0000337271ms +005596ms] #00620 ESC_TELEM seq=4 V=47.94V
[0000337281ms +005606ms] #00621 ESC_TELEM seq=5 V=47.94V
[0000337291ms +005616ms] #00622 ESC_TELEM seq=6 V=47.94V
[0000337301ms +005626ms] #00623 ESC_TELEM seq=7 V=47.94V
[0000337311ms +005636ms] #00624 ESC_TELEM seq=0 V=47.94V
[0000337313ms +005638ms] #00625 FC_QUERY timestamp=464211 V=48.09V
[0000337321ms +005646ms] #00626 ESC_TELEM seq=1 V=47.94V
[0000337331ms +005656ms] #00627 ESC_TELEM seq=2 V=47.94V
[0000337341ms +005666ms] #00628 ESC_TELEM seq=3 V=47.94V
[0000337351ms +005676ms] #00629 ESC_TELEM seq=4 V=47.94V
[0000337361ms +005686ms] #00630 ESC_TELEM seq=5 V=47.94V
[0000337371ms +005696ms] #00631 ESC_TELEM seq=6 V=47.94V
[0000337381ms +005706ms] #00632 ESC_TELEM seq=7 V=47.94V
[0000337391ms +005716ms] #00633 ESC_TELEM seq=0 V=47.94V
[0000337393ms +005718ms] #00634 FC_QUERY timestamp=464210 V=48.09V
[0000337401ms +005726ms] #00635 ESC_TELEM seq=1 V=47.94V
[0000337411ms +005736ms] #00636 ESC_TELEM seq=2 V=47.94V
[0000337421ms +005746ms] #00637 ESC_TELEM seq=3 V=47.94V
[0000337431ms +005756ms] #00638 ESC_TELEM seq=4 V=47.94V
[0000337441ms +005766ms] #00639 ESC_TELEM seq=5 V=47.94V
[0000337451ms +005776ms] #00640 ESC_TELEM seq=6 V=47.94V
[0000337461ms +005786ms] #00641 ESC_TELEM seq=7 V=47.94V
[0000337471ms +005796ms] #00642 ESC_TELEM seq=0 V=47.94V
[0000337473ms +005798ms] #00643 FC_QUERY timestamp=464211 V=48.14V
[0000337481ms +005806ms] #00644 ESC_TELEM seq=1 V=47.94V
[0000337491ms +005816ms] #00645 ESC_TELEM seq=2 V=47.94V
[0000337501ms +005826ms] #00646 ESC_TELEM seq=3 V=47.94V
[0000337511ms +005836ms] #00647 ESC_TELEM seq=4 V=47.94V
[0000337521ms +005846ms] #00648 ESC_TELEM seq=5 V=47.94V
[0000337531ms +005856ms] #00649 ESC_TELEM seq=6 V=47.94V
[0000337541ms +005866ms] #00650 ESC_TELEM seq=7 V=47.94V
[0000337551ms +005876ms] #00651 ESC_TELEM seq=0 V=47.94V
[0000337553ms +005878ms] #00652 FC_QUERY timestamp=464210 V=48.14V
[0000337561ms +005886ms] #00653 ESC_TELEM seq=1 V=47.94V
[0000337571ms +005896ms] #00654 ESC_TELEM seq=2 V=47.94V
[0000337581ms +005906ms] #00655 ESC_TELEM seq=3 V=47.94V
[0000337591ms +005916ms] #00656 ESC_TELEM seq=4 V=47.94V
[0000337601ms +005926ms] #00657 ESC_TELEM seq=5 V=47.94V
[0000337611ms +005936ms] #00658 ESC_TELEM seq=6 V=47.94V
[0000337621ms +005946ms] #00659 ESC_TELEM seq=7 V=47.94V
[0000337631ms +005956ms] #00660 ESC_TELEM seq=0 V=47.94V
[0000337634ms +005959ms] #00661 FC_QUERY timestamp=464210 V=48.14V
[0000337641ms +005966ms] #00662 ESC_TELEM seq=1 V=47.94V
[0000337651ms +005976ms] #00663 ESC_TELEM seq=2 V=47.94V
[0000337661ms +005986ms] #00664 ESC_TELEM seq=3 V=47.94V
[0000337671ms +005996ms] #00665 ESC_TELEM seq=4 V=47.94V
[0000337681ms +006006ms] #00666 ESC_TELEM seq=5 V=47.94V
[0000337691ms +006016ms] #00667 ESC_TELEM seq=6 V=47.94V
[0000337701ms +006026ms] #00668 ESC_TELEM seq=7 V=47.94V
[0000337711ms +006036ms] #00669 ESC_TELEM seq=0 V=47.94V
[0000337714ms +006039ms] #00670 FC_QUERY timestamp=464210 V=48.14V
[0000337721ms +006046ms] #00671 ESC_TELEM seq=1 V=47.94V
[0000337731ms +006056ms] #00672 ESC_TELEM seq=2 V=47.94V
[0000337741ms +006066ms] #00673 ESC_TELEM seq=3 V=47.94V
[0000337751ms +006076ms] #00674 ESC_TELEM seq=4 V=47.94V
[0000337761ms +006086ms] #00675 ESC_TELEM seq=5 V=47.94V
[0000337771ms +006096ms] #00676 ESC_TELEM seq=6 V=47.94V
[0000337781ms +006106ms] #00677 ESC_TELEM seq=7 V=47.94V
[0000337791ms +006116ms] #00678 ESC_TELEM seq=0 V=47.94V
[0000337794ms +006119ms] #00679 FC_QUERY timestamp=464210 V=48.14V
[0000337801ms +006126ms] #00680 ESC_TELEM seq=1 V=47.94V
[0000337811ms +006136ms] #00681 ESC_TELEM seq=2 V=47.94V
[0000337821ms +006146ms] #00682 ESC_TELEM seq=3 V=47.94V
[0000337831ms +006156ms] #00683 ESC_TELEM seq=4 V=47.94V
[0000337841ms +006166ms] #00684 ESC_TELEM seq=5 V=47.94V
[0000337851ms +006176ms] #00685 ESC_TELEM seq=6 V=47.94V
[0000337861ms +006186ms] #00686 ESC_TELEM seq=7 V=47.94V
[0000337871ms +006196ms] #00687 ESC_TELEM seq=0 V=47.94V
[0000337874ms +006199ms] #00688 FC_QUERY timestamp=464211 V=48.14V
[0000337881ms +006206ms] #00689 ESC_TELEM seq=1 V=47.94V
[0000337891ms +006216ms] #00690 ESC_TELEM seq=2 V=47.94V
[0000337901ms +006226ms] #00691 ESC_TELEM seq=3 V=47.94V
[0000337911ms +006236ms] #00692 ESC_TELEM seq=4 V=47.94V
[0000337921ms +006246ms] #00693 ESC_TELEM seq=5 V=47.94V
[0000337931ms +006256ms] #00694 ESC_TELEM seq=6 V=47.94V
[0000337941ms +006266ms] #00695 ESC_TELEM seq=7 V=47.94V
[0000337951ms +006276ms] #00696 ESC_TELEM seq=0 V=47.94V
[0000337954ms +006279ms] #00697 FC_QUERY timestamp=464211 V=48.14V
[0000337961ms +006286ms] #00698 ESC_TELEM seq=1 V=47.94V
[0000337971ms +006296ms] #00699 ESC_TELEM seq=2 V=47.94V
[0000337981ms +006306ms] #00700 ESC_TELEM seq=3 V=47.94V
[0000337991ms +006316ms] #00701 ESC_TELEM seq=4 V=47.94V
[0000338001ms +006326ms] #00702 ESC_TELEM seq=5 V=47.94V
[0000338011ms +006336ms] #00703 ESC_TELEM seq=6 V=47.94V
[0000338021ms +006346ms] #00704 ESC_TELEM seq=7 V=47.94V
[0000338031ms +006356ms] #00705 ESC_TELEM seq=0 V=47.94V
[0000338034ms +006359ms] #00706 FC_QUERY timestamp=464212 V=48.14V
[0000338041ms +006366ms] #00707 ESC_TELEM seq=1 V=47.94V
[0000338051ms +006376ms] #00708 ESC_TELEM seq=2 V=47.94V
[0000338061ms +006386ms] #00709 ESC_TELEM seq=3 V=47.94V
[0000338071ms +006396ms] #00710 ESC_TELEM seq=4 V=47.94V
[0000338081ms +006406ms] #00711 ESC_TELEM seq=5 V=47.94V
[0000338091ms +006416ms] #00712 ESC_TELEM seq=6 V=47.94V
[0000338101ms +006426ms] #00713 ESC_TELEM seq=7 V=47.94V
[0000338111ms +006436ms] #00714 ESC_TELEM seq=0 V=47.94V
[0000338114ms +006439ms] #00715 FC_QUERY timestamp=464211 V=48.14V
[0000338121ms +006446ms] #00716 ESC_TELEM seq=1 V=47.94V
[0000338131ms +006456ms] #00717 ESC_TELEM seq=2 V=47.94V
[0000338141ms +006466ms] #00718 ESC_TELEM seq=3 V=47.94V
[0000338151ms +006476ms] #00719 CMD_0x4833
[0000338153ms +006478ms] #00720 CMD_0x0C36
[0000338166ms +006491ms] #00721 ESC_TELEM seq=4 V=47.94V
[0000338176ms +006501ms] #00722 ESC_TELEM seq=5 V=47.94V
[0000338186ms +006511ms] #00723 ESC_TELEM seq=6 V=47.94V
[0000338196ms +006521ms] #00724 ESC_TELEM seq=7 V=47.94V
[0000338206ms +006531ms] #00725 ESC_TELEM seq=0 V=47.94V
[0000338209ms +006534ms] #00726 FC_QUERY timestamp=464211 V=48.14V
[0000338216ms +006541ms] #00727 ESC_TELEM seq=1 V=47.94V
[0000338226ms +006551ms] #00728 ESC_TELEM seq=2 V=47.94V
[0000338236ms +006561ms] #00729 ESC_TELEM seq=3 V=47.94V
[0000338246ms +006571ms] #00730 ESC_TELEM seq=4 V=47.94V
[0000338256ms +006581ms] #00731 ESC_TELEM seq=5 V=47.94V
[0000338266ms +006591ms] #00732 ESC_TELEM seq=6 V=47.94V
[0000338276ms +006601ms] #00733 ESC_TELEM seq=7 V=47.94V
[0000338286ms +006611ms] #00734 ESC_TELEM seq=0 V=47.94V
[0000338289ms +006614ms] #00735 FC_QUERY timestamp=464210 V=48.20V
[0000338296ms +006621ms] #00736 ESC_TELEM seq=1 V=47.94V
[0000338306ms +006631ms] #00737 ESC_TELEM seq=2 V=47.94V
[0000338316ms +006641ms] #00738 ESC_TELEM seq=3 V=47.94V
[0000338326ms +006651ms] #00739 ESC_TELEM seq=4 V=47.94V
[0000338336ms +006661ms] #00740 ESC_TELEM seq=5 V=47.94V
[0000338346ms +006671ms] #00741 ESC_TELEM seq=6 V=47.94V
[0000338356ms +006681ms] #00742 ESC_TELEM seq=7 V=47.94V
[0000338366ms +006691ms] #00743 ESC_TELEM seq=0 V=47.94V
[0000338369ms +006694ms] #00744 FC_QUERY timestamp=464210 V=48.09V
[0000338376ms +006701ms] #00745 ESC_TELEM seq=1 V=47.94V
[0000338386ms +006711ms] #00746 ESC_TELEM seq=2 V=47.94V
[0000338396ms +006721ms] #00747 ESC_TELEM seq=3 V=47.94V
[0000338406ms +006731ms] #00748 ESC_TELEM seq=4 V=47.94V
[0000338416ms +006741ms] #00749 ESC_TELEM seq=5 V=47.94V
[0000338426ms +006751ms] #00750 ESC_TELEM seq=6 V=47.94V
[0000338436ms +006761ms] #00751 ESC_TELEM seq=7 V=47.94V
[0000338446ms +006771ms] #00752 ESC_TELEM seq=0 V=47.94V
[0000338449ms +006774ms] #00753 FC_QUERY timestamp=464211 V=48.14V
[0000338456ms +006781ms] #00754 ESC_TELEM seq=1 V=47.94V
[0000338466ms +006791ms] #00755 ESC_TELEM seq=2 V=47.94V
[0000338476ms +006801ms] #00756 ESC_TELEM seq=3 V=47.94V
[0000338486ms +006811ms] #00757 ESC_TELEM seq=4 V=47.94V
[0000338496ms +006821ms] #00758 ESC_TELEM seq=5 V=47.94V
[0000338507ms +006832ms] #00759 ESC_TELEM seq=6 V=47.94V
[0000338517ms +006842ms] #00760 ESC_TELEM seq=7 V=47.94V
[0000338527ms +006852ms] #00761 ESC_TELEM seq=0 V=47.94V
[0000338529ms +006854ms] #00762 FC_QUERY timestamp=464211 V=48.14V
[0000338537ms +006862ms] #00763 ESC_TELEM seq=1 V=47.94V
[0000338547ms +006872ms] #00764 ESC_TELEM seq=2 V=47.94V
[0000338557ms +006882ms] #00765 ESC_TELEM seq=3 V=47.94V
[0000338567ms +006892ms] #00766 ESC_TELEM seq=4 V=47.94V
[0000338577ms +006902ms] #00767 ESC_TELEM seq=5 V=47.94V
[0000338587ms +006912ms] #00768 ESC_TELEM seq=6 V=47.94V
[0000338597ms +006922ms] #00769 ESC_TELEM seq=7 V=47.94V
[0000338607ms +006932ms] #00770 ESC_TELEM seq=0 V=47.94V
[0000338609ms +006934ms] #00771 FC_QUERY timestamp=464211 V=48.14V
[0000338617ms +006942ms] #00772 ESC_TELEM seq=1 V=47.94V
[0000338627ms +006952ms] #00773 ESC_TELEM seq=2 V=47.94V
[0000338637ms +006962ms] #00774 ESC_TELEM seq=3 V=47.94V
[0000338647ms +006972ms] #00775 ESC_TELEM seq=4 V=47.94V
[0000338657ms +006982ms] #00776 ESC_TELEM seq=5 V=47.94V
[0000338667ms +006992ms] #00777 ESC_TELEM seq=6 V=47.94V
[0000338677ms +007002ms] #00778 ESC_TELEM seq=7 V=47.94V
[0000338687ms +007012ms] #00779 ESC_TELEM seq=0 V=47.94V
[0000338689ms +007014ms] #00780 FC_QUERY timestamp=464211 V=48.09V
[0000338697ms +007022ms] #00781 ESC_TELEM seq=1 V=47.94V
[0000338707ms +007032ms] #00782 ESC_TELEM seq=2 V=47.94V
[0000338717ms +007042ms] #00783 ESC_TELEM seq=3 V=47.94V
[0000338727ms +007052ms] #00784 ESC_TELEM seq=4 V=47.94V
[0000338737ms +007062ms] #00785 ESC_TELEM seq=5 V=47.94V
[0000338747ms +007072ms] #00786 ESC_TELEM seq=6 V=47.94V
[0000338757ms +007082ms] #00787 ESC_TELEM seq=7 V=47.94V
[0000338767ms +007092ms] #00788 ESC_TELEM seq=0 V=47.94V
[0000338769ms +007094ms] #00789 FC_QUERY timestamp=464211 V=48.20V
[0000338771ms +007096ms] #00790 DECODE_ERROR
[0000338777ms +007102ms] #00791 ESC_TELEM seq=1 V=47.94V
[0000338787ms +007112ms] #00792 ESC_TELEM seq=2 V=47.94V
[0000338797ms +007122ms] #00793 ESC_TELEM seq=3 V=47.94V
[0000338807ms +007132ms] #00794 ESC_TELEM seq=4 V=47.94V
[0000338817ms +007142ms] #00795 ESC_TELEM seq=5 V=47.94V
[0000338827ms +007152ms] #00796 ESC_TELEM seq=6 V=47.94V
[0000338837ms +007162ms] #00797 ESC_TELEM seq=7 V=47.94V
[0000338847ms +007172ms] #00798 ESC_TELEM seq=0 V=47.94V
[0000338849ms +007174ms] #00799 FC_QUERY timestamp=464211 V=48.09V
[0000338857ms +007182ms] #00800 ESC_TELEM seq=1 V=47.94V
[0000338867ms +007192ms] #00801 ESC_TELEM seq=2 V=47.94V
[0000338877ms +007202ms] #00802 ESC_TELEM seq=3 V=47.94V
[0000338887ms +007212ms] #00803 ESC_TELEM seq=4 V=47.94V
[0000338897ms +007222ms] #00804 ESC_TELEM seq=5 V=47.94V
[0000338907ms +007232ms] #00805 ESC_TELEM seq=6 V=47.94V
[0000338917ms +007242ms] #00806 ESC_TELEM seq=7 V=47.94V
[0000338927ms +007252ms] #00807 ESC_TELEM seq=0 V=47.94V
[0000338929ms +007254ms] #00808 FC_QUERY timestamp=464211 V=48.14V
[0000338937ms +007262ms] #00809 ESC_TELEM seq=1 V=47.94V
[0000338947ms +007272ms] #00810 ESC_TELEM seq=2 V=47.94V
[0000338957ms +007282ms] #00811 ESC_TELEM seq=3 V=47.94V
[0000338967ms +007292ms] #00812 ESC_TELEM seq=4 V=47.94V
[0000338977ms +007302ms] #00813 ESC_TELEM seq=5 V=47.94V
[0000338987ms +007312ms] #00814 ESC_TELEM seq=6 V=47.94V
[0000338997ms +007322ms] #00815 ESC_TELEM seq=7 V=47.94V
[0000339007ms +007332ms] #00816 ESC_TELEM seq=0 V=47.94V
[0000339010ms +007335ms] #00817 FC_QUERY timestamp=464211 V=48.20V
[0000339017ms +007342ms] #00818 ESC_TELEM seq=1 V=47.94V
[0000339027ms +007352ms] #00819 ESC_TELEM seq=2 V=47.94V
[0000339037ms +007362ms] #00820 ESC_TELEM seq=3 V=47.94V
[0000339047ms +007372ms] #00821 ESC_TELEM seq=4 V=47.94V
[0000339057ms +007382ms] #00822 ESC_TELEM seq=5 V=47.94V
[0000339067ms +007392ms] #00823 ESC_TELEM seq=6 V=47.94V
[0000339077ms +007402ms] #00824 ESC_TELEM seq=7 V=47.94V
[0000339087ms +007412ms] #00825 ESC_TELEM seq=0 V=47.94V
[0000339090ms +007415ms] #00826 FC_QUERY timestamp=464210 V=48.14V
[0000339097ms +007422ms] #00827 ESC_TELEM seq=1 V=47.94V
[0000339107ms +007432ms] #00828 ESC_TELEM seq=2 V=47.94V
[0000339117ms +007442ms] #00829 ESC_TELEM seq=3 V=47.94V
[0000339127ms +007452ms] #00830 ESC_TELEM seq=4 V=47.94V
[0000339137ms +007462ms] #00831 ESC_TELEM seq=5 V=47.94V
[0000339147ms +007472ms] #00832 ESC_TELEM seq=6 V=47.94V
[0000339157ms +007482ms] #00833 CMD_0x4833
[0000339172ms +007497ms] #00834 ESC_TELEM seq=7 V=47.94V
[0000339182ms +007507ms] #00835 ESC_TELEM seq=0 V=47.94V
[0000339185ms +007510ms] #00836 FC_QUERY timestamp=464212 V=48.14V
[0000339192ms +007517ms] #00837 ESC_TELEM seq=1 V=47.94V
[0000339202ms +007527ms] #00838 ESC_TELEM seq=2 V=47.94V
[0000339212ms +007537ms] #00839 ESC_TELEM seq=3 V=47.94V
[0000339222ms +007547ms] #00840 ESC_TELEM seq=4 V=47.94V
[0000339232ms +007557ms] #00841 ESC_TELEM seq=5 V=47.94V
[0000339242ms +007567ms] #00842 ESC_TELEM seq=6 V=47.94V
[0000339252ms +007577ms] #00843 ESC_TELEM seq=7 V=47.94V
[0000339262ms +007587ms] #00844 ESC_TELEM seq=0 V=47.94V
[0000339265ms +007590ms] #00845 FC_QUERY timestamp=464210 V=48.14V
[0000339272ms +007597ms] #00846 ESC_TELEM seq=1 V=47.94V
[0000339282ms +007607ms] #00847 ESC_TELEM seq=2 V=47.94V
[0000339292ms +007617ms] #00848 ESC_TELEM seq=3 V=47.94V
[0000339302ms +007627ms] #00849 ESC_TELEM seq=4 V=47.94V
[0000339312ms +007637ms] #00850 ESC_TELEM seq=5 V=47.94V
[0000339322ms +007647ms] #00851 ESC_TELEM seq=6 V=47.94V
[0000339332ms +007657ms] #00852 ESC_TELEM seq=7 V=47.94V
[0000339342ms +007667ms] #00853 ESC_TELEM seq=0 V=47.94V
[0000339345ms +007670ms] #00854 FC_QUERY timestamp=464211 V=48.14V
[0000339352ms +007677ms] #00855 ESC_TELEM seq=1 V=47.94V
[0000339362ms +007687ms] #00856 ESC_TELEM seq=2 V=47.94V
[0000339372ms +007697ms] #00857 ESC_TELEM seq=3 V=47.94V
[0000339382ms +007707ms] #00858 ESC_TELEM seq=4 V=47.94V
[0000339392ms +007717ms] #00859 ESC_TELEM seq=5 V=47.94V
[0000339402ms +007727ms] #00860 ESC_TELEM seq=6 V=47.94V
[0000339412ms +007737ms] #00861 ESC_TELEM seq=7 V=47.94V
[0000339422ms +007747ms] #00862 ESC_TELEM seq=0 V=47.94V
[0000339425ms +007750ms] #00863 FC_QUERY timestamp=464211 V=48.14V
[0000339432ms +007757ms] #00864 ESC_TELEM seq=1 V=47.94V
[0000339442ms +007767ms] #00865 ESC_TELEM seq=2 V=47.94V
[0000339452ms +007777ms] #00866 ESC_TELEM seq=3 V=47.94V
[0000339462ms +007787ms] #00867 ESC_TELEM seq=4 V=47.94V
[0000339472ms +007797ms] #00868 ESC_TELEM seq=5 V=47.94V
[0000339482ms +007807ms] #00869 ESC_TELEM seq=6 V=47.94V
[0000339492ms +007817ms] #00870 ESC_TELEM seq=7 V=47.94V
[0000339502ms +007827ms] #00871 ESC_TELEM seq=0 V=47.94V
[0000339505ms +007830ms] #00872 FC_QUERY timestamp=464211 V=48.20V
[0000339512ms +007837ms] #00873 ESC_TELEM seq=1 V=47.94V
[0000339522ms +007847ms] #00874 ESC_TELEM seq=2 V=47.94V
[0000339532ms +007857ms] #00875 ESC_TELEM seq=3 V=47.94V
[0000339542ms +007867ms] #00876 ESC_TELEM seq=4 V=47.94V
[0000339552ms +007877ms] #00877 ESC_TELEM seq=5 V=47.94V
[0000339562ms +007887ms] #00878 ESC_TELEM seq=6 V=47.94V
[0000339572ms +007897ms] #00879 ESC_TELEM seq=7 V=47.94V
[0000339582ms +007907ms] #00880 ESC_TELEM seq=0 V=47.94V
[0000339585ms +007910ms] #00881 CMD_0xA021
[0000339585ms +007910ms] #00882 CMD_0x9E00
[0000339592ms +007917ms] #00883 ESC_TELEM seq=1 V=47.94V
[0000339602ms +007927ms] #00884 ESC_TELEM seq=2 V=47.94V
[0000339612ms +007937ms] #00885 ESC_TELEM seq=3 V=47.94V
[0000339622ms +007947ms] #00886 ESC_TELEM seq=4 V=47.94V
[0000339632ms +007957ms] #00887 ESC_TELEM seq=5 V=47.94V
[0000339642ms +007967ms] #00888 ESC_TELEM seq=6 V=47.94V
[0000339652ms +007977ms] #00889 ESC_TELEM seq=7 V=47.94V
[0000339662ms +007987ms] #00890 ESC_TELEM seq=0 V=47.94V
[0000339665ms +007990ms] #00891 FC_QUERY timestamp=464210 V=48.14V
[0000339672ms +007997ms] #00892 ESC_TELEM seq=1 V=47.94V
[0000339682ms +008007ms] #00893 ESC_TELEM seq=2 V=47.94V
[0000339692ms +008017ms] #00894 ESC_TELEM seq=3 V=47.94V
[0000339702ms +008027ms] #00895 ESC_TELEM seq=4 V=47.94V
[0000339712ms +008037ms] #00896 ESC_TELEM seq=5 V=47.94V
[0000339722ms +008047ms] #00897 ESC_TELEM seq=6 V=47.94V
[0000339732ms +008057ms] #00898 ESC_TELEM seq=7 V=47.94V
[0000339742ms +008067ms] #00899 ESC_TELEM seq=0 V=47.94V
[0000339745ms +008070ms] #00900 FC_QUERY timestamp=464212 V=48.20V
[0000339752ms +008077ms] #00901 ESC_TELEM seq=1 V=47.94V
[0000339762ms +008087ms] #00902 ESC_TELEM seq=2 V=47.94V
[0000339772ms +008097ms] #00903 ESC_TELEM seq=3 V=47.94V
[0000339782ms +008107ms] #00904 ESC_TELEM seq=4 V=47.94V
[0000339792ms +008117ms] #00905 ESC_TELEM seq=5 V=47.94V
[0000339802ms +008127ms] #00906 ESC_TELEM seq=6 V=47.94V
[0000339812ms +008137ms] #00907 ESC_TELEM seq=7 V=47.94V
[0000339822ms +008147ms] #00908 ESC_TELEM seq=0 V=47.94V
[0000339825ms +008150ms] #00909 FC_QUERY timestamp=464211 V=48.14V
[0000339832ms +008157ms] #00910 ESC_TELEM seq=1 V=47.94V
[0000339842ms +008167ms] #00911 ESC_TELEM seq=2 V=47.94V
[0000339852ms +008177ms] #00912 ESC_TELEM seq=3 V=47.94V
[0000339862ms +008187ms] #00913 ESC_TELEM seq=4 V=47.94V
[0000339872ms +008197ms] #00914 ESC_TELEM seq=5 V=47.94V
[0000339882ms +008207ms] #00915 ESC_TELEM seq=6 V=47.94V
[0000339892ms +008217ms] #00916 ESC_TELEM seq=7 V=47.94V
[0000339902ms +008227ms] #00917 ESC_TELEM seq=0 V=47.94V
[0000339905ms +008230ms] #00918 CMD_0xA021
[0000339905ms +008230ms] #00919 CMD_0x9E00
[0000339912ms +008237ms] #00920 ESC_TELEM seq=1 V=47.94V
[0000339922ms +008247ms] #00921 ESC_TELEM seq=2 V=47.94V
[0000339933ms +008258ms] #00922 ESC_TELEM seq=3 V=47.94V
[0000339943ms +008268ms] #00923 ESC_TELEM seq=4 V=47.94V
[0000339952ms +008277ms] #00924 ESC_TELEM seq=5 V=47.94V
[0000339963ms +008288ms] #00925 ESC_TELEM seq=6 V=47.94V
[0000339973ms +008298ms] #00926 ESC_TELEM seq=7 V=47.94V
[0000339983ms +008308ms] #00927 ESC_TELEM seq=0 V=47.94V
[0000339985ms +008310ms] #00928 FC_QUERY timestamp=464211 V=48.09V
[0000339993ms +008318ms] #00929 ESC_TELEM seq=1 V=47.94V
[0000340003ms +008328ms] #00930 ESC_TELEM seq=2 V=47.94V
[0000340013ms +008338ms] #00931 ESC_TELEM seq=3 V=47.94V
[0000340023ms +008348ms] #00932 ESC_TELEM seq=4 V=47.94V
[0000340033ms +008358ms] #00933 ESC_TELEM seq=5 V=47.94V
[0000340043ms +008368ms] #00934 ESC_TELEM seq=6 V=47.94V
[0000340053ms +008378ms] #00935 ESC_TELEM seq=7 V=47.94V
[0000340063ms +008388ms] #00936 ESC_TELEM seq=0 V=47.94V
[0000340065ms +008390ms] #00937 FC_QUERY timestamp=464211 V=48.14V
[0000340073ms +008398ms] #00938 ESC_TELEM seq=1 V=47.94V
[0000340083ms +008408ms] #00939 ESC_TELEM seq=2 V=47.94V
[0000340093ms +008418ms] #00940 ESC_TELEM seq=3 V=47.94V
[0000340103ms +008428ms] #00941 ESC_TELEM seq=4 V=47.94V
[0000340113ms +008438ms] #00942 ESC_TELEM seq=5 V=47.94V
[0000340123ms +008448ms] #00943 ESC_TELEM seq=6 V=47.94V
[0000340133ms +008458ms] #00944 ESC_TELEM seq=7 V=47.94V
[0000340143ms +008468ms] #00945 ESC_TELEM seq=0 V=47.94V
[0000340145ms +008470ms] #00946 FC_QUERY timestamp=464211 V=48.20V
[0000340153ms +008478ms] #00947 ESC_TELEM seq=1 V=47.94V
[0000340163ms +008488ms] #00948 CMD_0x4833
[0000340178ms +008503ms] #00949 ESC_TELEM seq=2 V=47.94V
[0000340188ms +008513ms] #00950 ESC_TELEM seq=3 V=47.94V
[0000340198ms +008523ms] #00951 ESC_TELEM seq=4 V=47.94V
[0000340208ms +008533ms] #00952 ESC_TELEM seq=5 V=47.94V
[0000340218ms +008543ms] #00953 ESC_TELEM seq=6 V=47.94V
[0000340228ms +008553ms] #00954 ESC_TELEM seq=7 V=47.94V
[0000340238ms +008563ms] #00955 ESC_TELEM seq=0 V=47.94V
[0000340240ms +008565ms] #00956 FC_QUERY timestamp=464209 V=48.14V
[0000340248ms +008573ms] #00957 ESC_TELEM seq=1 V=47.94V
[0000340258ms +008583ms] #00958 ESC_TELEM seq=2 V=47.94V
[0000340268ms +008593ms] #00959 ESC_TELEM seq=3 V=47.94V
[0000340278ms +008603ms] #00960 ESC_TELEM seq=4 V=47.94V
[0000340288ms +008613ms] #00961 ESC_TELEM seq=5 V=47.94V
[0000340298ms +008623ms] #00962 ESC_TELEM seq=6 V=47.94V
[0000340308ms +008633ms] #00963 ESC_TELEM seq=7 V=47.94V
[0000340318ms +008643ms] #00964 ESC_TELEM seq=0 V=47.94V
[0000340320ms +008645ms] #00965 FC_QUERY timestamp=464212 V=48.09V
[0000340328ms +008653ms] #00966 ESC_TELEM seq=1 V=47.94V
[0000340338ms +008663ms] #00967 ESC_TELEM seq=2 V=47.94V
[0000340348ms +008673ms] #00968 ESC_TELEM seq=3 V=47.94V
[0000340358ms +008683ms] #00969 ESC_TELEM seq=4 V=47.94V
[0000340368ms +008693ms] #00970 ESC_TELEM seq=5 V=47.94V
[0000340378ms +008703ms] #00971 ESC_TELEM seq=6 V=47.94V
[0000340388ms +008713ms] #00972 ESC_TELEM seq=7 V=47.94V
[0000340398ms +008723ms] #00973 ESC_TELEM seq=0 V=47.94V
[0000340400ms +008725ms] #00974 FC_QUERY timestamp=464211 V=48.14V
[0000340408ms +008733ms] #00975 ESC_TELEM seq=1 V=47.94V
[0000340418ms +008743ms] #00976 ESC_TELEM seq=2 V=47.94V
[0000340428ms +008753ms] #00977 ESC_TELEM seq=3 V=47.94V
[0000340438ms +008763ms] #00978 ESC_TELEM seq=4 V=47.94V
[0000340448ms +008773ms] #00979 ESC_TELEM seq=5 V=47.94V
[0000340458ms +008783ms] #00980 ESC_TELEM seq=6 V=47.94V
[0000340468ms +008793ms] #00981 ESC_TELEM seq=7 V=47.94V
[0000340478ms +008803ms] #00982 ESC_TELEM seq=0 V=47.94V
[0000340481ms +008806ms] #00983 FC_QUERY timestamp=464210 V=48.14V
[0000340488ms +008813ms] #00984 ESC_TELEM seq=1 V=47.94V
[0000340498ms +008823ms] #00985 ESC_TELEM seq=2 V=47.94V
[0000340508ms +008833ms] #00986 ESC_TELEM seq=3 V=47.94V
[0000340518ms +008843ms] #00987 ESC_TELEM seq=4 V=47.94V
[0000340528ms +008853ms] #00988 ESC_TELEM seq=5 V=47.94V
[0000340538ms +008863ms] #00989 ESC_TELEM seq=6 V=47.94V
[0000340548ms +008873ms] #00990 ESC_TELEM seq=7 V=47.94V
[0000340558ms +008883ms] #00991 ESC_TELEM seq=0 V=47.94V
[0000340561ms +008886ms] #00992 FC_QUERY timestamp=464210 V=48.14V
[0000340568ms +008893ms] #00993 ESC_TELEM seq=1 V=47.94V
[0000340578ms +008903ms] #00994 ESC_TELEM seq=2 V=47.94V
[0000340588ms +008913ms] #00995 ESC_TELEM seq=3 V=47.94V
[0000340598ms +008923ms] #00996 ESC_TELEM seq=4 V=47.94V
[0000340608ms +008933ms] #00997 ESC_TELEM seq=5 V=47.94V
[0000340618ms +008943ms] #00998 ESC_TELEM seq=6 V=47.94V
[0000340628ms +008953ms] #00999 ESC_TELEM seq=7 V=47.94V
[0000340638ms +008963ms] #01000 ESC_TELEM seq=0 V=47.94V
[0000340641ms +008966ms] #01001 FC_QUERY timestamp=464210 V=48.14V
[0000340648ms +008973ms] #01002 ESC_TELEM seq=1 V=47.94V
[0000340658ms +008983ms] #01003 ESC_TELEM seq=2 V=47.94V
[0000340668ms +008993ms] #01004 ESC_TELEM seq=3 V=47.94V
[0000340678ms +009003ms] #01005 ESC_TELEM seq=4 V=47.94V
[0000340688ms +009013ms] #01006 ESC_TELEM seq=5 V=47.94V
[0000340698ms +009023ms] #01007 ESC_TELEM seq=6 V=47.94V
[0000340708ms +009033ms] #01008 ESC_TELEM seq=7 V=47.94V
[0000340718ms +009043ms] #01009 ESC_TELEM seq=0 V=47.94V
[0000340721ms +009046ms] #01010 FC_QUERY timestamp=464211 V=48.14V
[0000340728ms +009053ms] #01011 ESC_TELEM seq=1 V=47.94V
[0000340738ms +009063ms] #01012 ESC_TELEM seq=2 V=47.94V
[0000340748ms +009073ms] #01013 ESC_TELEM seq=3 V=47.94V
[0000340758ms +009083ms] #01014 ESC_TELEM seq=4 V=47.94V
[0000340768ms +009093ms] #01015 ESC_TELEM seq=5 V=47.94V
[0000340778ms +009103ms] #01016 ESC_TELEM seq=6 V=47.94V
[0000340788ms +009113ms] #01017 ESC_TELEM seq=7 V=47.94V
[0000340798ms +009123ms] #01018 ESC_TELEM seq=0 V=47.94V
[0000340801ms +009126ms] #01019 FC_QUERY timestamp=464210 V=48.09V
[0000340808ms +009133ms] #01020 ESC_TELEM seq=1 V=47.94V
[0000340818ms +009143ms] #01021 ESC_TELEM seq=2 V=47.94V
[0000340828ms +009153ms] #01022 ESC_TELEM seq=3 V=47.94V
[0000340838ms +009163ms] #01023 ESC_TELEM seq=4 V=47.94V
[0000340848ms +009173ms] #01024 ESC_TELEM seq=5 V=47.94V
[0000340858ms +009183ms] #01025 ESC_TELEM seq=6 V=47.94V
[0000340868ms +009193ms] #01026 ESC_TELEM seq=7 V=47.94V
[0000340878ms +009203ms] #01027 ESC_TELEM seq=0 V=47.94V
[0000340881ms +009206ms] #01028 FC_QUERY timestamp=464211 V=48.14V
[0000340884ms +009209ms] #01029 DECODE_ERROR
[0000340888ms +009213ms] #01030 ESC_TELEM seq=1 V=47.94V
[0000340898ms +009223ms] #01031 ESC_TELEM seq=2 V=47.94V
[0000340908ms +009233ms] #01032 ESC_TELEM seq=3 V=47.94V
[0000340918ms +009243ms] #01033 ESC_TELEM seq=4 V=47.94V
[0000340928ms +009253ms] #01034 ESC_TELEM seq=5 V=47.94V
[0000340938ms +009263ms] #01035 ESC_TELEM seq=6 V=47.94V
[0000340948ms +009273ms] #01036 ESC_TELEM seq=7 V=47.94V
[0000340958ms +009283ms] #01037 ESC_TELEM seq=0 V=47.94V
[0000340961ms +009286ms] #01038 FC_QUERY timestamp=464211 V=48.14V
[0000340968ms +009293ms] #01039 ESC_TELEM seq=1 V=47.94V
[0000340978ms +009303ms] #01040 ESC_TELEM seq=2 V=47.94V
[0000340988ms +009313ms] #01041 ESC_TELEM seq=3 V=47.94V
[0000340998ms +009323ms] #01042 ESC_TELEM seq=4 V=47.94V
[0000341008ms +009333ms] #01043 ESC_TELEM seq=5 V=47.94V
[0000341018ms +009343ms] #01044 ESC_TELEM seq=6 V=47.94V
[0000341028ms +009353ms] #01045 ESC_TELEM seq=7 V=47.94V
[0000341038ms +009363ms] #01046 ESC_TELEM seq=0 V=47.94V
[0000341041ms +009366ms] #01047 FC_QUERY timestamp=464210 V=48.20V
[0000341048ms +009373ms] #01048 ESC_TELEM seq=1 V=47.94V
[0000341058ms +009383ms] #01049 ESC_TELEM seq=2 V=47.94V
[0000341068ms +009393ms] #01050 ESC_TELEM seq=3 V=47.94V
[0000341078ms +009403ms] #01051 ESC_TELEM seq=4 V=47.94V
[0000341088ms +009413ms] #01052 ESC_TELEM seq=5 V=47.94V
[0000341098ms +009423ms] #01053 ESC_TELEM seq=6 V=47.94V
[0000341108ms +009433ms] #01054 ESC_TELEM seq=7 V=47.94V
[0000341118ms +009443ms] #01055 ESC_TELEM seq=0 V=47.94V
[0000341121ms +009446ms] #01056 FC_QUERY timestamp=464211 V=48.20V
[0000341128ms +009453ms] #01057 ESC_TELEM seq=1 V=47.94V
[0000341138ms +009463ms] #01058 ESC_TELEM seq=2 V=47.94V
[0000341148ms +009473ms] #01059 ESC_TELEM seq=3 V=47.94V
[0000341158ms +009483ms] #01060 ESC_TELEM seq=4 V=47.94V
[0000341168ms +009493ms] #01061 CMD_0x4833
[0000341183ms +009508ms] #01062 ESC_TELEM seq=5 V=47.94V
[0000341193ms +009518ms] #01063 ESC_TELEM seq=6 V=47.94V
[0000341203ms +009528ms] #01064 ESC_TELEM seq=7 V=47.94V
[0000341213ms +009538ms] #01065 ESC_TELEM seq=0 V=47.94V
[0000341216ms +009541ms] #01066 FC_QUERY timestamp=464211 V=48.14V
[0000341223ms +009548ms] #01067 ESC_TELEM seq=1 V=47.94V
[0000341233ms +009558ms] #01068 ESC_TELEM seq=2 V=47.94V
[0000341243ms +009568ms] #01069 ESC_TELEM seq=3 V=47.94V
[0000341253ms +009578ms] #01070 ESC_TELEM seq=4 V=47.94V
[0000341263ms +009588ms] #01071 ESC_TELEM seq=5 V=47.94V
[0000341273ms +009598ms] #01072 ESC_TELEM seq=6 V=47.94V
[0000341283ms +009608ms] #01073 ESC_TELEM seq=7 V=47.94V
[0000341293ms +009618ms] #01074 CMD_0x8866
[0000341295ms +009620ms] #01075 CMD_0x0C8A
[0000341308ms +009633ms] #01076 ESC_TELEM seq=0 V=47.94V
[0000341311ms +009636ms] #01077 FC_QUERY timestamp=464211 V=48.09V
[0000341318ms +009643ms] #01078 CMD_0x8866
[0000341320ms +009645ms] #01079 CMD_0x0C84
[0000341333ms +009658ms] #01080 ESC_TELEM seq=1 V=47.94V
[0000341343ms +009668ms] #01081 CMD_0x8866
[0000341343ms +009668ms] #01082 DECODE_ERROR
[0000341358ms +009683ms] #01083 ESC_TELEM seq=2 V=47.94V
[0000341368ms +009693ms] #01084 CMD_0x8866
[0000341383ms +009708ms] #01085 ESC_TELEM seq=3 V=47.94V
[0000341393ms +009718ms] #01086 CMD_0x8866
[0000341408ms +009733ms] #01087 ESC_TELEM seq=4 V=47.94V
[0000341418ms +009743ms] #01088 CMD_0x8866
[0000341433ms +009758ms] #01089 ESC_TELEM seq=5 V=47.94V
[0000341443ms +009768ms] #01090 CMD_0x8866
[0000341458ms +009783ms] #01091 ESC_TELEM seq=6 V=47.94V
[0000341468ms +009793ms] #01092 CMD_0x8866
[0000341483ms +009808ms] #01093 ESC_TELEM seq=7 V=47.94V
[0000341493ms +009818ms] #01094 CMD_0x8866
[0000341508ms +009833ms] #01095 ESC_TELEM seq=0 V=47.94V
[0000341511ms +009836ms] #01096 FC_QUERY timestamp=464211 V=48.20V
[0000341518ms +009843ms] #01097 CMD_0x8866
[0000341533ms +009858ms] #01098 ESC_TELEM seq=1 V=47.94V
[0000341543ms +009868ms] #01099 CMD_0x8866
[0000341558ms +009883ms] #01100 ESC_TELEM seq=2 V=47.94V
[0000341568ms +009893ms] #01101 CMD_0x8866
[0000341583ms +009908ms] #01102 ESC_TELEM seq=3 V=47.94V
[0000341593ms +009918ms] #01103 CMD_0x8866
[0000341608ms +009933ms] #01104 ESC_TELEM seq=4 V=47.94V
[0000341618ms +009943ms] #01105 CMD_0x8866
[0000341633ms +009958ms] #01106 ESC_TELEM seq=5 V=47.94V
[0000341643ms +009968ms] #01107 CMD_0x8866
[0000341658ms +009983ms] #01108 ESC_TELEM seq=6 V=47.94V
[0000341668ms +009993ms] #01109 CMD_0x8866
[0000341684ms +010009ms] #01110 ESC_TELEM seq=7 V=47.94V
[0000341693ms +010018ms] #01111 ESC_TELEM seq=0 V=47.94V
[0000341696ms +010021ms] #01112 FC_QUERY timestamp=464211 V=48.20V
[0000341704ms +010029ms] #01113 CMD_0x0333
[0000341704ms +010029ms] #01114 CMD_0x0C36
[0000341719ms +010044ms] #01115 CMD_0x0333
[0000341734ms +010059ms] #01116 CMD_0x0333
[0000341749ms +010074ms] #01117 CMD_0x0333
[0000341764ms +010089ms] #01118 CMD_0x0333
[0000341779ms +010104ms] #01119 CMD_0x0333
[0000341794ms +010119ms] #01120 CMD_0x0333
[0000341809ms +010134ms] #01121 CMD_0x0333
[0000341824ms +010149ms] #01122 ESC_TELEM seq=1 V=47.94V
[0000341834ms +010159ms] #01123 ESC_TELEM seq=2 V=47.94V
[0000341844ms +010169ms] #01124 ESC_TELEM seq=3 V=47.94V
[0000341854ms +010179ms] #01125 ESC_TELEM seq=4 V=47.94V
[0000341864ms +010189ms] #01126 ESC_TELEM seq=5 V=47.94V
[0000341874ms +010199ms] #01127 ESC_TELEM seq=6 V=47.94V
[0000341884ms +010209ms] #01128 ESC_TELEM seq=7 V=47.94V
[0000341894ms +010219ms] #01129 ESC_TELEM seq=0 V=47.94V
[0000341896ms +010221ms] #01130 FC_QUERY timestamp=464210 V=48.14V
[0000341904ms +010229ms] #01131 ESC_TELEM seq=1 V=47.94V
[0000341914ms +010239ms] #01132 ESC_TELEM seq=2 V=47.94V
[0000341924ms +010249ms] #01133 ESC_TELEM seq=3 V=47.94V
[0000341934ms +010259ms] #01134 ESC_TELEM seq=4 V=47.94V
[0000341944ms +010269ms] #01135 ESC_TELEM seq=5 V=47.94V
[0000341954ms +010279ms] #01136 ESC_TELEM seq=6 V=47.94V
[0000341964ms +010289ms] #01137 ESC_TELEM seq=7 V=47.94V
[0000341974ms +010299ms] #01138 ESC_TELEM seq=0 V=47.94V
[0000341976ms +010301ms] #01139 FC_QUERY timestamp=464211 V=48.14V
[0000341984ms +010309ms] #01140 ESC_TELEM seq=1 V=47.94V
[0000341994ms +010319ms] #01141 ESC_TELEM seq=2 V=47.94V
[0000342004ms +010329ms] #01142 ESC_TELEM seq=3 V=47.94V
[0000342014ms +010339ms] #01143 ESC_TELEM seq=4 V=47.94V
[0000342024ms +010349ms] #01144 ESC_TELEM seq=5 V=47.94V
[0000342034ms +010359ms] #01145 ESC_TELEM seq=6 V=47.94V
[0000342044ms +010369ms] #01146 ESC_TELEM seq=7 V=47.94V
[0000342054ms +010379ms] #01147 ESC_TELEM seq=0 V=47.94V
[0000342056ms +010381ms] #01148 FC_QUERY timestamp=464210 V=48.14V
[0000342064ms +010389ms] #01149 ESC_TELEM seq=1 V=47.94V
[0000342074ms +010399ms] #01150 ESC_TELEM seq=2 V=47.94V
[0000342084ms +010409ms] #01151 ESC_TELEM seq=3 V=47.94V
[0000342094ms +010419ms] #01152 ESC_TELEM seq=4 V=47.94V
[0000342104ms +010429ms] #01153 ESC_TELEM seq=5 V=47.94V
[0000342114ms +010439ms] #01154 ESC_TELEM seq=6 V=47.94V
[0000342124ms +010449ms] #01155 ESC_TELEM seq=7 V=47.94V
[0000342134ms +010459ms] #01156 ESC_TELEM seq=0 V=47.94V
[0000342136ms +010461ms] #01157 FC_QUERY timestamp=464211 V=48.20V
[0000342144ms +010469ms] #01158 ESC_TELEM seq=1 V=47.94V
[0000342154ms +010479ms] #01159 ESC_TELEM seq=2 V=47.94V
[0000342164ms +010489ms] #01160 ESC_TELEM seq=3 V=47.94V
[0000342174ms +010499ms] #01161 CMD_0x4833
[0000342189ms +010514ms] #01162 ESC_TELEM seq=4 V=47.94V
[0000342199ms +010524ms] #01163 ESC_TELEM seq=5 V=47.94V
[0000342209ms +010534ms] #01164 ESC_TELEM seq=6 V=47.94V
[0000342219ms +010544ms] #01165 ESC_TELEM seq=7 V=47.94V
[0000342229ms +010554ms] #01166 ESC_TELEM seq=0 V=47.94V
[0000342232ms +010557ms] #01167 FC_QUERY timestamp=464211 V=48.20V
[0000342239ms +010564ms] #01168 ESC_TELEM seq=1 V=47.94V
[0000342249ms +010574ms] #01169 ESC_TELEM seq=2 V=47.94V
[0000342259ms +010584ms] #01170 ESC_TELEM seq=3 V=47.94V
[0000342269ms +010594ms] #01171 ESC_TELEM seq=4 V=47.94V
[0000342279ms +010604ms] #01172 ESC_TELEM seq=5 V=47.94V
[0000342289ms +010614ms] #01173 ESC_TELEM seq=6 V=47.94V
[0000342299ms +010624ms] #01174 ESC_TELEM seq=7 V=47.94V
[0000342309ms +010634ms] #01175 ESC_TELEM seq=0 V=47.94V
[0000342312ms +010637ms] #01176 FC_QUERY timestamp=464211 V=48.14V
[0000342319ms +010644ms] #01177 ESC_TELEM seq=1 V=47.94V
[0000342329ms +010654ms] #01178 ESC_TELEM seq=2 V=47.94V
[0000342339ms +010664ms] #01179 ESC_TELEM seq=3 V=47.94V
[0000342349ms +010674ms] #01180 ESC_TELEM seq=4 V=47.94V
[0000342359ms +010684ms] #01181 ESC_TELEM seq=5 V=47.94V
[0000342369ms +010694ms] #01182 ESC_TELEM seq=6 V=47.94V
[0000342379ms +010704ms] #01183 ESC_TELEM seq=7 V=47.94V
[0000342389ms +010714ms] #01184 ESC_TELEM seq=0 V=47.94V
[0000342392ms +010717ms] #01185 FC_QUERY timestamp=464210 V=48.14V
[0000342399ms +010724ms] #01186 ESC_TELEM seq=1 V=47.94V
[0000342409ms +010734ms] #01187 ESC_TELEM seq=2 V=47.94V
[0000342419ms +010744ms] #01188 ESC_TELEM seq=3 V=47.94V
[0000342429ms +010754ms] #01189 ESC_TELEM seq=4 V=47.94V
[0000342439ms +010764ms] #01190 ESC_TELEM seq=5 V=47.94V
[0000342449ms +010774ms] #01191 ESC_TELEM seq=6 V=47.94V
[0000342459ms +010784ms] #01192 ESC_TELEM seq=7 V=47.94V
[0000342469ms +010794ms] #01193 ESC_TELEM seq=0 V=47.94V
[0000342472ms +010797ms] #01194 FC_QUERY timestamp=464212 V=48.20V
[0000342479ms +010804ms] #01195 ESC_TELEM seq=1 V=47.94V
[0000342489ms +010814ms] #01196 ESC_TELEM seq=2 V=47.94V
[0000342499ms +010824ms] #01197 ESC_TELEM seq=3 V=47.94V
[0000342509ms +010834ms] #01198 ESC_TELEM seq=4 V=47.94V
[0000342519ms +010844ms] #01199 ESC_TELEM seq=5 V=47.94V
[0000342529ms +010854ms] #01200 ESC_TELEM seq=6 V=47.94V
[0000342539ms +010864ms] #01201 ESC_TELEM seq=7 V=47.94V
[0000342549ms +010874ms] #01202 ESC_TELEM seq=0 V=47.94V
[0000342552ms +010877ms] #01203 FC_QUERY timestamp=464211 V=48.14V
[0000342559ms +010884ms] #01204 ESC_TELEM seq=1 V=47.94V
[0000342569ms +010894ms] #01205 ESC_TELEM seq=2 V=47.94V
[0000342579ms +010904ms] #01206 ESC_TELEM seq=3 V=47.94V
[0000342589ms +010914ms] #01207 ESC_TELEM seq=4 V=47.94V
[0000342599ms +010924ms] #01208 ESC_TELEM seq=5 V=47.94V
[0000342609ms +010934ms] #01209 ESC_TELEM seq=6 V=47.94V
[0000342619ms +010944ms] #01210 ESC_TELEM seq=7 V=47.94V
[0000342629ms +010954ms] #01211 ESC_TELEM seq=0 V=47.94V
[0000342632ms +010957ms] #01212 FC_QUERY timestamp=464211 V=48.14V
[0000342639ms +010964ms] #01213 ESC_TELEM seq=1 V=47.94V
[0000342649ms +010974ms] #01214 ESC_TELEM seq=2 V=47.94V
[0000342659ms +010984ms] #01215 ESC_TELEM seq=3 V=47.94V
[0000342669ms +010994ms] #01216 ESC_TELEM seq=4 V=47.94V
[0000342679ms +011004ms] #01217 ESC_TELEM seq=5 V=47.94V
[0000342689ms +011014ms] #01218 ESC_TELEM seq=6 V=47.94V
[0000342699ms +011024ms] #01219 ESC_TELEM seq=7 V=47.94V
[0000342709ms +011034ms] #01220 ESC_TELEM seq=0 V=47.94V
[0000342712ms +011037ms] #01221 FC_QUERY timestamp=464211 V=48.14V
[0000342719ms +011044ms] #01222 ESC_TELEM seq=1 V=47.94V
[0000342729ms +011054ms] #01223 ESC_TELEM seq=2 V=47.94V
[0000342739ms +011064ms] #01224 ESC_TELEM seq=3 V=47.94V
[0000342749ms +011074ms] #01225 ESC_TELEM seq=4 V=47.94V
[0000342759ms +011084ms] #01226 ESC_TELEM seq=5 V=47.94V
[0000342769ms +011094ms] #01227 ESC_TELEM seq=6 V=47.94V
[0000342779ms +011104ms] #01228 ESC_TELEM seq=7 V=47.94V
[0000342789ms +011114ms] #01229 ESC_TELEM seq=0 V=47.94V
[0000342792ms +011117ms] #01230 FC_QUERY timestamp=464211 V=48.14V
[0000342799ms +011124ms] #01231 ESC_TELEM seq=1 V=47.94V
[0000342809ms +011134ms] #01232 ESC_TELEM seq=2 V=47.94V
[0000342819ms +011144ms] #01233 ESC_TELEM seq=3 V=47.94V
[0000342829ms +011154ms] #01234 ESC_TELEM seq=4 V=47.94V
[0000342839ms +011164ms] #01235 ESC_TELEM seq=5 V=47.94V
[0000342849ms +011174ms] #01236 ESC_TELEM seq=6 V=47.94V
[0000342859ms +011184ms] #01237 ESC_TELEM seq=7 V=47.94V
[0000342869ms +011194ms] #01238 ESC_TELEM seq=0 V=47.94V
[0000342872ms +011197ms] #01239 FC_QUERY timestamp=464211 V=48.14V
[0000342879ms +011204ms] #01240 ESC_TELEM seq=1 V=47.94V
[0000342889ms +011214ms] #01241 ESC_TELEM seq=2 V=47.94V
[0000342899ms +011224ms] #01242 ESC_TELEM seq=3 V=47.94V
[0000342909ms +011234ms] #01243 ESC_TELEM seq=4 V=47.94V
[0000342919ms +011244ms] #01244 ESC_TELEM seq=5 V=47.94V
[0000342929ms +011254ms] #01245 ESC_TELEM seq=6 V=47.94V
[0000342939ms +011264ms] #01246 ESC_TELEM seq=7 V=47.94V
[0000342949ms +011274ms] #01247 ESC_TELEM seq=0 V=47.94V
[0000342952ms +011277ms] #01248 FC_QUERY timestamp=464210 V=48.09V
[0000342959ms +011284ms] #01249 ESC_TELEM seq=1 V=47.94V
[0000342969ms +011294ms] #01250 ESC_TELEM seq=2 V=47.94V
[0000342979ms +011304ms] #01251 ESC_TELEM seq=3 V=47.94V
[0000342989ms +011314ms] #01252 ESC_TELEM seq=4 V=47.94V
[0000342999ms +011324ms] #01253 ESC_TELEM seq=5 V=47.94V
[0000343009ms +011334ms] #01254 ESC_TELEM seq=6 V=47.94V
[0000343019ms +011344ms] #01255 ESC_TELEM seq=7 V=47.94V
[0000343029ms +011354ms] #01256 ESC_TELEM seq=0 V=47.94V
[0000343032ms +011357ms] #01257 FC_QUERY timestamp=464211 V=48.14V
[0000343039ms +011364ms] #01258 ESC_TELEM seq=1 V=47.94V
[0000343049ms +011374ms] #01259 ESC_TELEM seq=2 V=47.94V
[0000343059ms +011384ms] #01260 ESC_TELEM seq=3 V=47.94V
[0000343069ms +011394ms] #01261 ESC_TELEM seq=4 V=47.94V
[0000343079ms +011404ms] #01262 ESC_TELEM seq=5 V=47.94V
[0000343089ms +011414ms] #01263 ESC_TELEM seq=6 V=47.94V
[0000343099ms +011424ms] #01264 ESC_TELEM seq=7 V=47.94V
[0000343109ms +011434ms] #01265 ESC_TELEM seq=0 V=47.94V
[0000343112ms +011437ms] #01266 FC_QUERY timestamp=464210 V=48.20V
[0000343119ms +011444ms] #01267 ESC_TELEM seq=1 V=47.94V
[0000343129ms +011454ms] #01268 ESC_TELEM seq=2 V=47.94V
[0000343139ms +011464ms] #01269 ESC_TELEM seq=3 V=47.94V
[0000343149ms +011474ms] #01270 ESC_TELEM seq=4 V=47.94V
[0000343159ms +011484ms] #01271 ESC_TELEM seq=5 V=47.94V
[0000343169ms +011494ms] #01272 ESC_TELEM seq=6 V=47.94V
[0000343179ms +011504ms] #01273 CMD_0x4833
[0000343195ms +011520ms] #01274 ESC_TELEM seq=7 V=47.94V
[0000343205ms +011530ms] #01275 ESC_TELEM seq=0 V=47.94V
[0000343207ms +011532ms] #01276 FC_QUERY timestamp=464210 V=48.20V
[0000343215ms +011540ms] #01277 ESC_TELEM seq=1 V=47.94V
[0000343225ms +011550ms] #01278 ESC_TELEM seq=2 V=47.94V
[0000343235ms +011560ms] #01279 ESC_TELEM seq=3 V=47.94V
[0000343245ms +011570ms] #01280 ESC_TELEM seq=4 V=47.94V
[0000343255ms +011580ms] #01281 ESC_TELEM seq=5 V=47.94V
[0000343265ms +011590ms] #01282 ESC_TELEM seq=6 V=47.94V
[0000343275ms +011600ms] #01283 ESC_TELEM seq=7 V=47.94V
[0000343285ms +011610ms] #01284 ESC_TELEM seq=0 V=47.94V
[0000343287ms +011612ms] #01285 FC_QUERY timestamp=464210 V=48.14V
[0000343295ms +011620ms] #01286 ESC_TELEM seq=1 V=47.94V
[0000343305ms +011630ms] #01287 ESC_TELEM seq=2 V=47.94V
[0000343315ms +011640ms] #01288 ESC_TELEM seq=3 V=47.94V
[0000343325ms +011650ms] #01289 ESC_TELEM seq=4 V=47.94V
[0000343335ms +011660ms] #01290 ESC_TELEM seq=5 V=47.94V
[0000343345ms +011670ms] #01291 ESC_TELEM seq=6 V=47.94V
[0000343355ms +011680ms] #01292 ESC_TELEM seq=7 V=47.94V
[0000343365ms +011690ms] #01293 ESC_TELEM seq=0 V=47.94V
[0000343367ms +011692ms] #01294 FC_QUERY timestamp=464211 V=48.14V
[0000343375ms +011700ms] #01295 ESC_TELEM seq=1 V=47.94V
[0000343385ms +011710ms] #01296 ESC_TELEM seq=2 V=47.94V
[0000343395ms +011720ms] #01297 ESC_TELEM seq=3 V=47.94V
[0000343405ms +011730ms] #01298 ESC_TELEM seq=4 V=47.94V
[0000343415ms +011740ms] #01299 ESC_TELEM seq=5 V=47.94V
[0000343425ms +011750ms] #01300 ESC_TELEM seq=6 V=47.94V
[0000343435ms +011760ms] #01301 ESC_TELEM seq=7 V=47.94V
[0000343445ms +011770ms] #01302 ESC_TELEM seq=0 V=47.94V
[0000343447ms +011772ms] #01303 FC_QUERY timestamp=464211 V=48.09V
[0000343455ms +011780ms] #01304 ESC_TELEM seq=1 V=47.94V
[0000343465ms +011790ms] #01305 ESC_TELEM seq=2 V=47.94V
[0000343475ms +011800ms] #01306 ESC_TELEM seq=3 V=47.94V
[0000343485ms +011810ms] #01307 ESC_TELEM seq=4 V=47.94V
[0000343495ms +011820ms] #01308 ESC_TELEM seq=5 V=47.94V
[0000343505ms +011830ms] #01309 ESC_TELEM seq=6 V=47.94V
[0000343515ms +011840ms] #01310 ESC_TELEM seq=7 V=47.94V
[0000343525ms +011850ms] #01311 ESC_TELEM seq=0 V=47.94V
[0000343527ms +011852ms] #01312 FC_QUERY timestamp=464211 V=48.14V
[0000343535ms +011860ms] #01313 ESC_TELEM seq=1 V=47.94V
[0000343545ms +011870ms] #01314 ESC_TELEM seq=2 V=47.94V
[0000343555ms +011880ms] #01315 ESC_TELEM seq=3 V=47.94V
[0000343565ms +011890ms] #01316 ESC_TELEM seq=4 V=47.94V
[0000343575ms +011900ms] #01317 ESC_TELEM seq=5 V=47.94V
[0000343585ms +011910ms] #01318 ESC_TELEM seq=6 V=47.94V
[0000343595ms +011920ms] #01319 ESC_TELEM seq=7 V=47.94V
[0000343605ms +011930ms] #01320 ESC_TELEM seq=0 V=47.94V
[0000343607ms +011932ms] #01321 FC_QUERY timestamp=464210 V=48.14V
[0000343615ms +011940ms] #01322 ESC_TELEM seq=1 V=47.94V
[0000343625ms +011950ms] #01323 ESC_TELEM seq=2 V=47.94V
[0000343635ms +011960ms] #01324 ESC_TELEM seq=3 V=47.94V
[0000343645ms +011970ms] #01325 ESC_TELEM seq=4 V=47.94V
[0000343655ms +011980ms] #01326 ESC_TELEM seq=5 V=47.94V
[0000343665ms +011990ms] #01327 ESC_TELEM seq=6 V=47.94V
[0000343675ms +012000ms] #01328 ESC_TELEM seq=7 V=47.94V
[0000343685ms +012010ms] #01329 ESC_TELEM seq=0 V=47.94V
[0000343688ms +012013ms] #01330 FC_QUERY timestamp=464212 V=48.14V
[0000343695ms +012020ms] #01331 ESC_TELEM seq=1 V=47.94V
[0000343705ms +012030ms] #01332 ESC_TELEM seq=2 V=47.94V
[0000343715ms +012040ms] #01333 ESC_TELEM seq=3 V=47.94V
[0000343725ms +012050ms] #01334 ESC_TELEM seq=4 V=47.94V
[0000343735ms +012060ms] #01335 ESC_TELEM seq=5 V=47.94V
[0000343745ms +012070ms] #01336 ESC_TELEM seq=6 V=47.94V
[0000343755ms +012080ms] #01337 ESC_TELEM seq=7 V=47.94V
[0000343765ms +012090ms] #01338 ESC_TELEM seq=0 V=47.94V
[0000343768ms +012093ms] #01339 FC_QUERY timestamp=464211 V=48.14V
[0000343775ms +012100ms] #01340 ESC_TELEM seq=1 V=47.94V
[0000343785ms +012110ms] #01341 ESC_TELEM seq=2 V=47.94V
[0000343795ms +012120ms] #01342 ESC_TELEM seq=3 V=47.94V
[0000343805ms +012130ms] #01343 ESC_TELEM seq=4 V=47.94V
[0000343815ms +012140ms] #01344 ESC_TELEM seq=5 V=47.94V
[0000343825ms +012150ms] #01345 ESC_TELEM seq=6 V=47.94V
[0000343835ms +012160ms] #01346 ESC_TELEM seq=7 V=47.94V
[0000343845ms +012170ms] #01347 ESC_TELEM seq=0 V=47.94V
[0000343848ms +012173ms] #01348 FC_QUERY timestamp=464211 V=48.14V
[0000343855ms +012180ms] #01349 ESC_TELEM seq=1 V=47.94V
[0000343865ms +012190ms] #01350 ESC_TELEM seq=2 V=47.94V
[0000343875ms +012200ms] #01351 ESC_TELEM seq=3 V=47.94V
[0000343885ms +012210ms] #01352 ESC_TELEM seq=4 V=47.94V
[0000343895ms +012220ms] #01353 ESC_TELEM seq=5 V=47.94V
[0000343905ms +012230ms] #01354 ESC_TELEM seq=6 V=47.94V
[0000343915ms +012240ms] #01355 ESC_TELEM seq=7 V=47.94V
[0000343925ms +012250ms] #01356 ESC_TELEM seq=0 V=47.94V
[0000343928ms +012253ms] #01357 FC_QUERY timestamp=464211 V=48.20V
[0000343935ms +012260ms] #01358 ESC_TELEM seq=1 V=47.94V
[0000343945ms +012270ms] #01359 ESC_TELEM seq=2 V=47.94V
[0000343955ms +012280ms] #01360 ESC_TELEM seq=3 V=47.94V
[0000343965ms +012290ms] #01361 ESC_TELEM seq=4 V=47.94V
[0000343975ms +012300ms] #01362 ESC_TELEM seq=5 V=47.94V
[0000343985ms +012310ms] #01363 ESC_TELEM seq=6 V=47.94V
[0000343995ms +012320ms] #01364 ESC_TELEM seq=7 V=47.94V
[0000344005ms +012330ms] #01365 ESC_TELEM seq=0 V=47.94V
[0000344008ms +012333ms] #01366 FC_QUERY timestamp=464211 V=48.09V
[0000344015ms +012340ms] #01367 ESC_TELEM seq=1 V=47.94V
[0000344025ms +012350ms] #01368 ESC_TELEM seq=2 V=47.94V
[0000344035ms +012360ms] #01369 ESC_TELEM seq=3 V=47.94V
[0000344045ms +012370ms] #01370 ESC_TELEM seq=4 V=47.94V
[0000344055ms +012380ms] #01371 ESC_TELEM seq=5 V=47.94V
[0000344065ms +012390ms] #01372 ESC_TELEM seq=6 V=47.94V
[0000344075ms +012400ms] #01373 ESC_TELEM seq=7 V=47.94V
[0000344085ms +012410ms] #01374 ESC_TELEM seq=0 V=47.94V
[0000344088ms +012413ms] #01375 FC_QUERY timestamp=464210 V=48.09V
[0000344095ms +012420ms] #01376 ESC_TELEM seq=1 V=47.94V
[0000344105ms +012430ms] #01377 ESC_TELEM seq=2 V=47.94V
[0000344115ms +012440ms] #01378 ESC_TELEM seq=3 V=47.94V
[0000344125ms +012450ms] #01379 ESC_TELEM seq=4 V=47.94V
[0000344135ms +012460ms] #01380 ESC_TELEM seq=5 V=47.94V
[0000344145ms +012470ms] #01381 ESC_TELEM seq=6 V=47.94V
[0000344155ms +012480ms] #01382 ESC_TELEM seq=7 V=47.94V
[0000344165ms +012490ms] #01383 ESC_TELEM seq=0 V=47.94V
[0000344168ms +012493ms] #01384 FC_QUERY timestamp=464209 V=48.09V
[0000344175ms +012500ms] #01385 ESC_TELEM seq=1 V=47.94V
[0000344185ms +012510ms] #01386 CMD_0x4833
[0000344200ms +012525ms] #01387 ESC_TELEM seq=2 V=47.94V
[0000344210ms +012535ms] #01388 ESC_TELEM seq=3 V=47.94V
[0000344220ms +012545ms] #01389 ESC_TELEM seq=4 V=47.94V
[0000344230ms +012555ms] #01390 ESC_TELEM seq=5 V=47.94V
[0000344240ms +012565ms] #01391 ESC_TELEM seq=6 V=47.94V
[0000344250ms +012575ms] #01392 ESC_TELEM seq=7 V=47.94V
[0000344260ms +012585ms] #01393 ESC_TELEM seq=0 V=47.94V
[0000344263ms +012588ms] #01394 FC_QUERY timestamp=464211 V=48.14V
[0000344270ms +012595ms] #01395 ESC_TELEM seq=1 V=47.94V
[0000344280ms +012605ms] #01396 ESC_TELEM seq=2 V=47.94V
[0000344290ms +012615ms] #01397 ESC_TELEM seq=3 V=47.94V
[0000344300ms +012625ms] #01398 ESC_TELEM seq=4 V=47.94V
[0000344310ms +012635ms] #01399 ESC_TELEM seq=5 V=47.94V
[0000344320ms +012645ms] #01400 ESC_TELEM seq=6 V=47.94V
[0000344330ms +012655ms] #01401 ESC_TELEM seq=7 V=47.94V
[0000344340ms +012665ms] #01402 ESC_TELEM seq=0 V=47.94V
[0000344343ms +012668ms] #01403 FC_QUERY timestamp=464210 V=48.09V
[0000344350ms +012675ms] #01404 ESC_TELEM seq=1 V=47.94V
[0000344360ms +012685ms] #01405 ESC_TELEM seq=2 V=47.94V
[0000344370ms +012695ms] #01406 ESC_TELEM seq=3 V=47.94V
[0000344380ms +012705ms] #01407 ESC_TELEM seq=4 V=47.94V
[0000344390ms +012715ms] #01408 ESC_TELEM seq=5 V=47.94V
[0000344400ms +012725ms] #01409 ESC_TELEM seq=6 V=47.94V
[0000344410ms +012735ms] #01410 ESC_TELEM seq=7 V=47.94V
[0000344420ms +012745ms] #01411 ESC_TELEM seq=0 V=47.94V
[0000344423ms +012748ms] #01412 FC_QUERY timestamp=464211 V=48.20V
[0000344430ms +012755ms] #01413 ESC_TELEM seq=1 V=47.94V
[0000344440ms +012765ms] #01414 ESC_TELEM seq=2 V=47.94V
[0000344450ms +012775ms] #01415 ESC_TELEM seq=3 V=47.94V
[0000344460ms +012785ms] #01416 ESC_TELEM seq=4 V=47.94V
[0000344470ms +012795ms] #01417 ESC_TELEM seq=5 V=47.94V
[0000344480ms +012805ms] #01418 ESC_TELEM seq=6 V=47.94V
[0000344490ms +012815ms] #01419 ESC_TELEM seq=7 V=47.94V
[0000344500ms +012825ms] #01420 ESC_TELEM seq=0 V=47.94V
[0000344503ms +012828ms] #01421 FC_QUERY timestamp=464211 V=48.20V
[0000344510ms +012835ms] #01422 ESC_TELEM seq=1 V=47.94V
[0000344520ms +012845ms] #01423 ESC_TELEM seq=2 V=47.94V
[0000344530ms +012855ms] #01424 ESC_TELEM seq=3 V=47.94V
[0000344540ms +012865ms] #01425 ESC_TELEM seq=4 V=47.94V
[0000344550ms +012875ms] #01426 ESC_TELEM seq=5 V=47.94V
[0000344560ms +012885ms] #01427 ESC_TELEM seq=6 V=47.94V
[0000344570ms +012895ms] #01428 ESC_TELEM seq=7 V=47.94V
[0000344580ms +012905ms] #01429 ESC_TELEM seq=0 V=47.94V
[0000344583ms +012908ms] #01430 FC_QUERY timestamp=464211 V=48.09V
[0000344590ms +012915ms] #01431 ESC_TELEM seq=1 V=47.94V
[0000344600ms +012925ms] #01432 ESC_TELEM seq=2 V=47.94V
[0000344610ms +012935ms] #01433 ESC_TELEM seq=3 V=47.94V
[0000344620ms +012945ms] #01434 ESC_TELEM seq=4 V=47.94V
[0000344630ms +012955ms] #01435 ESC_TELEM seq=5 V=47.94V
[0000344640ms +012965ms] #01436 ESC_TELEM seq=6 V=47.94V
[0000344650ms +012975ms] #01437 ESC_TELEM seq=7 V=47.94V
[0000344661ms +012986ms] #01438 ESC_TELEM seq=0 V=47.94V
[0000344663ms +012988ms] #01439 FC_QUERY timestamp=464209 V=48.14V
[0000344670ms +012995ms] #01440 ESC_TELEM seq=1 V=47.94V
[0000344681ms +013006ms] #01441 ESC_TELEM seq=2 V=47.94V
[0000344691ms +013016ms] #01442 ESC_TELEM seq=3 V=47.94V
[0000344701ms +013026ms] #01443 ESC_TELEM seq=4 V=47.94V
[0000344711ms +013036ms] #01444 ESC_TELEM seq=5 V=47.94V
[0000344721ms +013046ms] #01445 ESC_TELEM seq=6 V=47.94V
[0000344731ms +013056ms] #01446 ESC_TELEM seq=7 V=47.94V
[0000344741ms +013066ms] #01447 ESC_TELEM seq=0 V=47.94V
[0000344743ms +013068ms] #01448 FC_QUERY timestamp=464210 V=48.14V
[0000344751ms +013076ms] #01449 ESC_TELEM seq=1 V=47.94V
[0000344761ms +013086ms] #01450 ESC_TELEM seq=2 V=47.94V
[0000344771ms +013096ms] #01451 ESC_TELEM seq=3 V=47.94V
[0000344781ms +013106ms] #01452 ESC_TELEM seq=4 V=47.94V
[0000344791ms +013116ms] #01453 ESC_TELEM seq=5 V=47.94V
[0000344801ms +013126ms] #01454 ESC_TELEM seq=6 V=47.94V
[0000344811ms +013136ms] #01455 ESC_TELEM seq=7 V=47.94V
[0000344821ms +013146ms] #01456 ESC_TELEM seq=0 V=47.94V
[0000344823ms +013148ms] #01457 FC_QUERY timestamp=464210 V=48.20V
[0000344831ms +013156ms] #01458 ESC_TELEM seq=1 V=47.94V
[0000344841ms +013166ms] #01459 ESC_TELEM seq=2 V=47.94V
[0000344851ms +013176ms] #01460 ESC_TELEM seq=3 V=47.94V
[0000344861ms +013186ms] #01461 ESC_TELEM seq=4 V=47.94V
[0000344871ms +013196ms] #01462 ESC_TELEM seq=5 V=47.94V
[0000344881ms +013206ms] #01463 ESC_TELEM seq=6 V=47.94V
[0000344891ms +013216ms] #01464 ESC_TELEM seq=7 V=47.94V
[0000344901ms +013226ms] #01465 ESC_TELEM seq=0 V=47.94V
[0000344903ms +013228ms] #01466 FC_QUERY timestamp=464210 V=48.14V
[0000344911ms +013236ms] #01467 ESC_TELEM seq=1 V=47.94V
[0000344921ms +013246ms] #01468 ESC_TELEM seq=2 V=47.94V
[0000344931ms +013256ms] #01469 ESC_TELEM seq=3 V=47.94V
[0000344941ms +013266ms] #01470 ESC_TELEM seq=4 V=47.94V
[0000344951ms +013276ms] #01471 ESC_TELEM seq=5 V=47.94V
[0000344961ms +013286ms] #01472 ESC_TELEM seq=6 V=47.94V
[0000344971ms +013296ms] #01473 ESC_TELEM seq=7 V=47.94V
[0000344981ms +013306ms] #01474 ESC_TELEM seq=0 V=47.94V
[0000344983ms +013308ms] #01475 FC_QUERY timestamp=464210 V=48.14V
[0000344991ms +013316ms] #01476 ESC_TELEM seq=1 V=47.94V
[0000345001ms +013326ms] #01477 ESC_TELEM seq=2 V=47.94V
[0000345011ms +013336ms] #01478 ESC_TELEM seq=3 V=47.94V
[0000345021ms +013346ms] #01479 ESC_TELEM seq=4 V=47.94V
[0000345031ms +013356ms] #01480 ESC_TELEM seq=5 V=47.94V
[0000345041ms +013366ms] #01481 ESC_TELEM seq=6 V=47.94V
[0000345051ms +013376ms] #01482 ESC_TELEM seq=7 V=47.94V
[0000345061ms +013386ms] #01483 ESC_TELEM seq=0 V=47.94V
[0000345063ms +013388ms] #01484 FC_QUERY timestamp=464211 V=48.14V
[0000345071ms +013396ms] #01485 ESC_TELEM seq=1 V=47.94V
[0000345081ms +013406ms] #01486 ESC_TELEM seq=2 V=47.94V
[0000345091ms +013416ms] #01487 ESC_TELEM seq=3 V=47.94V
[0000345101ms +013426ms] #01488 ESC_TELEM seq=4 V=47.94V
[0000345111ms +013436ms] #01489 ESC_TELEM seq=5 V=47.94V
[0000345121ms +013446ms] #01490 ESC_TELEM seq=6 V=47.94V
[0000345131ms +013456ms] #01491 ESC_TELEM seq=7 V=47.94V
[0000345141ms +013466ms] #01492 ESC_TELEM seq=0 V=47.94V
[0000345144ms +013469ms] #01493 FC_QUERY timestamp=464211 V=48.14V
[0000345151ms +013476ms] #01494 ESC_TELEM seq=1 V=47.94V
[0000345161ms +013486ms] #01495 ESC_TELEM seq=2 V=47.94V
[0000345171ms +013496ms] #01496 ESC_TELEM seq=3 V=47.94V
[0000345181ms +013506ms] #01497 ESC_TELEM seq=4 V=47.94V
[0000345191ms +013516ms] #01498 ESC_TELEM seq=5 V=47.94V
[0000345201ms +013526ms] #01499 ESC_TELEM seq=6 V=47.94V
[0000345211ms +013536ms] #01500 ESC_TELEM seq=7 V=47.94V
[0000345221ms +013546ms] #01501 ESC_TELEM seq=0 V=47.94V
[0000345224ms +013549ms] #01502 FC_QUERY timestamp=463737 V=48.14V
[0000345231ms +013556ms] #01503 ESC_TELEM seq=1 V=47.94V
[0000345241ms +013566ms] #01504 ESC_TELEM seq=2 V=47.94V
[0000345251ms +013576ms] #01505 ESC_TELEM seq=3 V=47.94V
[0000345261ms +013586ms] #01506 ESC_TELEM seq=4 V=47.94V
[0000345271ms +013596ms] #01507 ESC_TELEM seq=5 V=47.94V
[0000345281ms +013606ms] #01508 ESC_TELEM seq=6 V=47.94V
[0000345291ms +013616ms] #01509 ESC_TELEM seq=7 V=47.94V
[0000345301ms +013626ms] #01510 ESC_TELEM seq=0 V=47.94V
[0000345304ms +013629ms] #01511 FC_QUERY timestamp=462796 V=48.14V
[0000345311ms +013636ms] #01512 ESC_TELEM seq=1 V=47.94V
[0000345321ms +013646ms] #01513 ESC_TELEM seq=2 V=47.94V
[0000345331ms +013656ms] #01514 ESC_TELEM seq=3 V=47.94V
[0000345341ms +013666ms] #01515 ESC_TELEM seq=4 V=47.94V
[0000345351ms +013676ms] #01516 ESC_TELEM seq=5 V=47.94V
[0000345361ms +013686ms] #01517 ESC_TELEM seq=6 V=47.94V
[0000345371ms +013696ms] #01518 ESC_TELEM seq=7 V=47.94V
[0000345381ms +013706ms] #01519 ESC_TELEM seq=0 V=47.94V
[0000345384ms +013709ms] #01520 FC_QUERY timestamp=461673 V=48.14V
[0000345391ms +013716ms] #01521 ESC_TELEM seq=1 V=47.94V
[0000345401ms +013726ms] #01522 ESC_TELEM seq=2 V=47.94V
[ERROR] ERROR,345411,TIMEOUT,55 1A 00 D0 A0 00 00 03 AC 03 AC 03 AC 03 AC 03 AC 03 AC 03 AC 03 AC 03 4A 9A
